DEBUG 2025-05-09 18:30:04,168 utils 30464 29200 (0.000) 
            SELECT
                c.relname,
                CASE
                    WHEN c.relispartition THEN 'p'
                    WHEN c.relkind IN ('m', 'v') THEN 'v'
                    ELSE 't'
                END,
                obj_description(c.oid, 'pg_class')
            FROM pg_catalog.pg_class c
            LEFT JOIN pg_catalog.pg_namespace n ON n.oid = c.relnamespace
            WHERE c.relkind IN ('f', 'm', 'p', 'r', 'v')
                AND n.nspname NOT IN ('pg_catalog', 'pg_toast')
                AND pg_catalog.pg_table_is_visible(c.oid)
        ; args=None; alias=default
DEBUG 2025-05-09 18:30:04,173 utils 30464 29200 (0.016) SELECT "django_migrations"."id", "django_migrations"."app", "django_migrations"."name", "django_migrations"."applied" FROM "django_migrations"; args=(); alias=default
DEBUG 2025-05-09 18:30:40,682 utils 30464 4388 (0.000) SELECT "authtoken_token"."key", "authtoken_token"."user_id", "authtoken_token"."created", "user"."password", "user"."usr_id", "user"."usr_name", "user"."usr_pas_hash", "user"."usr_mail", "user"."usr_height", "user"."usr_weight", "user"."usr_age", "user"."usr_cal_day", "user"."usr_gender", "user"."is_staff", "user"."is_active", "user"."is_superuser", "user"."last_login", "user"."date_joined" FROM "authtoken_token" INNER JOIN "user" ON ("authtoken_token"."user_id" = "user"."usr_id") WHERE "authtoken_token"."key" = '5f8ba52b2eb8282200688d7f8b3fb31cde8ae1ec' LIMIT 21; args=('5f8ba52b2eb8282200688d7f8b3fb31cde8ae1ec',); alias=default
DEBUG 2025-05-09 18:30:40,851 utils 30464 4388 (0.000) SELECT "recipe"."rcp_id", "recipe"."rcp_title", "recipe"."rcp_description", "recipe"."rcp_cal", "recipe"."rcp_portion_count" FROM "recipe" WHERE "recipe"."rcp_id" = 1 LIMIT 21; args=(1,); alias=default
DEBUG 2025-05-09 18:30:40,855 utils 30464 4388 (0.000) SELECT "recipe"."rcp_id", "recipe"."rcp_title", "recipe"."rcp_description", "recipe"."rcp_cal", "recipe"."rcp_portion_count" FROM "recipe" WHERE "recipe"."rcp_id" = 1 LIMIT 21; args=(1,); alias=default
DEBUG 2025-05-09 18:30:40,861 utils 30464 4388 (0.015) SELECT "step"."stp_id", "step"."stp_title", "step"."stp_instruction", "step"."stp_rcp_id" FROM "step" WHERE "step"."stp_rcp_id" = 1 ORDER BY "step"."stp_id" ASC; args=(1,); alias=default
DEBUG 2025-05-09 18:30:40,866 utils 30464 4388 (0.000) SELECT "image"."img_id", "image"."img_url", "image"."img_stp_id" FROM "image" WHERE "image"."img_stp_id" = 1; args=(1,); alias=default
DEBUG 2025-05-09 18:30:40,869 utils 30464 4388 (0.000) SELECT "m2m_stp_igt"."msi_id", "m2m_stp_igt"."msi_igt_id", "m2m_stp_igt"."msi_quantity", "m2m_stp_igt"."msi_quantity_type", "m2m_stp_igt"."msi_stp_id" FROM "m2m_stp_igt" WHERE "m2m_stp_igt"."msi_stp_id" = 1; args=(1,); alias=default
DEBUG 2025-05-09 18:30:40,872 utils 30464 4388 (0.000) SELECT "ingredient_type"."igt_id", "ingredient_type"."igt_name", "ingredient_type"."igt_img_url", "ingredient_type"."category" FROM "ingredient_type" WHERE "ingredient_type"."igt_id" = 56 LIMIT 21; args=(56,); alias=default
DEBUG 2025-05-09 18:30:40,911 utils 30464 4388 (0.000) SELECT "ingredient_type"."igt_id", "ingredient_type"."igt_name", "ingredient_type"."igt_img_url", "ingredient_type"."category" FROM "ingredient_type" LIMIT 21; args=(); alias=default
DEBUG 2025-05-09 18:30:40,915 utils 30464 4388 (0.000) SELECT "ingredient_type"."igt_id", "ingredient_type"."igt_name", "ingredient_type"."igt_img_url", "ingredient_type"."category" FROM "ingredient_type" LIMIT 21; args=(); alias=default
DEBUG 2025-05-09 18:30:40,917 utils 30464 4388 (0.000) SELECT "ingredient_type"."igt_id", "ingredient_type"."igt_name", "ingredient_type"."igt_img_url", "ingredient_type"."category" FROM "ingredient_type" WHERE "ingredient_type"."igt_id" = 56 LIMIT 21; args=(56,); alias=default
DEBUG 2025-05-09 18:30:40,918 utils 30464 4388 (0.000) SELECT "ingredient_type"."igt_id", "ingredient_type"."igt_name", "ingredient_type"."igt_img_url", "ingredient_type"."category" FROM "ingredient_type" WHERE "ingredient_type"."igt_id" = 56 LIMIT 21; args=(56,); alias=default
DEBUG 2025-05-09 18:30:40,920 utils 30464 4388 (0.000) SELECT "ingredient_type"."igt_id", "ingredient_type"."igt_name", "ingredient_type"."igt_img_url", "ingredient_type"."category" FROM "ingredient_type" WHERE "ingredient_type"."igt_id" = 56 LIMIT 21; args=(56,); alias=default
DEBUG 2025-05-09 18:30:40,921 utils 30464 4388 (0.000) SELECT "ingredient_type"."igt_id", "ingredient_type"."igt_name", "ingredient_type"."igt_img_url", "ingredient_type"."category" FROM "ingredient_type" WHERE "ingredient_type"."igt_id" = 56 LIMIT 21; args=(56,); alias=default
DEBUG 2025-05-09 19:16:04,998 utils 30464 18736 (0.015) SELECT "authtoken_token"."key", "authtoken_token"."user_id", "authtoken_token"."created", "user"."password", "user"."usr_id", "user"."usr_name", "user"."usr_pas_hash", "user"."usr_mail", "user"."usr_height", "user"."usr_weight", "user"."usr_age", "user"."usr_cal_day", "user"."usr_gender", "user"."is_staff", "user"."is_active", "user"."is_superuser", "user"."last_login", "user"."date_joined" FROM "authtoken_token" INNER JOIN "user" ON ("authtoken_token"."user_id" = "user"."usr_id") WHERE "authtoken_token"."key" = '5f8ba52b2eb8282200688d7f8b3fb31cde8ae1ec' LIMIT 21; args=('5f8ba52b2eb8282200688d7f8b3fb31cde8ae1ec',); alias=default
DEBUG 2025-05-09 19:16:05,201 utils 30464 18736 (0.000) SELECT "authtoken_token"."key", "authtoken_token"."user_id", "authtoken_token"."created", "user"."password", "user"."usr_id", "user"."usr_name", "user"."usr_pas_hash", "user"."usr_mail", "user"."usr_height", "user"."usr_weight", "user"."usr_age", "user"."usr_cal_day", "user"."usr_gender", "user"."is_staff", "user"."is_active", "user"."is_superuser", "user"."last_login", "user"."date_joined" FROM "authtoken_token" INNER JOIN "user" ON ("authtoken_token"."user_id" = "user"."usr_id") WHERE "authtoken_token"."key" = '5f8ba52b2eb8282200688d7f8b3fb31cde8ae1ec' LIMIT 21; args=('5f8ba52b2eb8282200688d7f8b3fb31cde8ae1ec',); alias=default
INFO 2025-05-09 19:16:05,203 allergen 30464 18736 Listing all allergens: user_id=66
DEBUG 2025-05-09 19:16:05,207 utils 30464 18736 (0.000) SELECT "allergen"."alg_id", "allergen"."alg_name" FROM "allergen"; args=(); alias=default
INFO 2025-05-09 19:16:05,210 allergen 30464 18736 Retrieved unknown allergens, user_id=66, time=0.01s
DEBUG 2025-05-09 19:16:05,326 utils 30464 18736 (0.000) SELECT "authtoken_token"."key", "authtoken_token"."user_id", "authtoken_token"."created", "user"."password", "user"."usr_id", "user"."usr_name", "user"."usr_pas_hash", "user"."usr_mail", "user"."usr_height", "user"."usr_weight", "user"."usr_age", "user"."usr_cal_day", "user"."usr_gender", "user"."is_staff", "user"."is_active", "user"."is_superuser", "user"."last_login", "user"."date_joined" FROM "authtoken_token" INNER JOIN "user" ON ("authtoken_token"."user_id" = "user"."usr_id") WHERE "authtoken_token"."key" = '5f8ba52b2eb8282200688d7f8b3fb31cde8ae1ec' LIMIT 21; args=('5f8ba52b2eb8282200688d7f8b3fb31cde8ae1ec',); alias=default
INFO 2025-05-09 19:16:05,328 equipment 30464 18736 Listing all equipment: user_id=66
DEBUG 2025-05-09 19:16:05,332 utils 30464 18736 (0.015) SELECT "equipment"."eqp_id", "equipment"."eqp_type", "equipment"."eqp_power", "equipment"."eqp_capacity", "equipment"."eqp_img_url" FROM "equipment"; args=(); alias=default
INFO 2025-05-09 19:16:05,334 equipment 30464 18736 Retrieved unknown equipment items, user_id=66, time=0.01s
DEBUG 2025-05-09 19:16:05,458 utils 30464 18736 (0.015) SELECT "authtoken_token"."key", "authtoken_token"."user_id", "authtoken_token"."created", "user"."password", "user"."usr_id", "user"."usr_name", "user"."usr_pas_hash", "user"."usr_mail", "user"."usr_height", "user"."usr_weight", "user"."usr_age", "user"."usr_cal_day", "user"."usr_gender", "user"."is_staff", "user"."is_active", "user"."is_superuser", "user"."last_login", "user"."date_joined" FROM "authtoken_token" INNER JOIN "user" ON ("authtoken_token"."user_id" = "user"."usr_id") WHERE "authtoken_token"."key" = '5f8ba52b2eb8282200688d7f8b3fb31cde8ae1ec' LIMIT 21; args=('5f8ba52b2eb8282200688d7f8b3fb31cde8ae1ec',); alias=default
DEBUG 2025-05-09 19:16:05,560 utils 30464 18736 (0.000) SELECT "authtoken_token"."key", "authtoken_token"."user_id", "authtoken_token"."created", "user"."password", "user"."usr_id", "user"."usr_name", "user"."usr_pas_hash", "user"."usr_mail", "user"."usr_height", "user"."usr_weight", "user"."usr_age", "user"."usr_cal_day", "user"."usr_gender", "user"."is_staff", "user"."is_active", "user"."is_superuser", "user"."last_login", "user"."date_joined" FROM "authtoken_token" INNER JOIN "user" ON ("authtoken_token"."user_id" = "user"."usr_id") WHERE "authtoken_token"."key" = '5f8ba52b2eb8282200688d7f8b3fb31cde8ae1ec' LIMIT 21; args=('5f8ba52b2eb8282200688d7f8b3fb31cde8ae1ec',); alias=default
INFO 2025-05-09 19:16:05,562 allergen 30464 18736 Listing all allergens: user_id=66
DEBUG 2025-05-09 19:16:05,565 utils 30464 18736 (0.000) SELECT "allergen"."alg_id", "allergen"."alg_name" FROM "allergen"; args=(); alias=default
INFO 2025-05-09 19:16:05,566 allergen 30464 18736 Retrieved unknown allergens, user_id=66, time=0.00s
DEBUG 2025-05-09 19:16:05,696 utils 30464 18736 (0.000) SELECT "authtoken_token"."key", "authtoken_token"."user_id", "authtoken_token"."created", "user"."password", "user"."usr_id", "user"."usr_name", "user"."usr_pas_hash", "user"."usr_mail", "user"."usr_height", "user"."usr_weight", "user"."usr_age", "user"."usr_cal_day", "user"."usr_gender", "user"."is_staff", "user"."is_active", "user"."is_superuser", "user"."last_login", "user"."date_joined" FROM "authtoken_token" INNER JOIN "user" ON ("authtoken_token"."user_id" = "user"."usr_id") WHERE "authtoken_token"."key" = '5f8ba52b2eb8282200688d7f8b3fb31cde8ae1ec' LIMIT 21; args=('5f8ba52b2eb8282200688d7f8b3fb31cde8ae1ec',); alias=default
INFO 2025-05-09 19:16:05,699 equipment 30464 18736 Listing all equipment: user_id=66
DEBUG 2025-05-09 19:16:05,703 utils 30464 18736 (0.000) SELECT "equipment"."eqp_id", "equipment"."eqp_type", "equipment"."eqp_power", "equipment"."eqp_capacity", "equipment"."eqp_img_url" FROM "equipment"; args=(); alias=default
INFO 2025-05-09 19:16:05,706 equipment 30464 18736 Retrieved unknown equipment items, user_id=66, time=0.01s
DEBUG 2025-05-09 19:16:05,810 utils 30464 18736 (0.000) SELECT "authtoken_token"."key", "authtoken_token"."user_id", "authtoken_token"."created", "user"."password", "user"."usr_id", "user"."usr_name", "user"."usr_pas_hash", "user"."usr_mail", "user"."usr_height", "user"."usr_weight", "user"."usr_age", "user"."usr_cal_day", "user"."usr_gender", "user"."is_staff", "user"."is_active", "user"."is_superuser", "user"."last_login", "user"."date_joined" FROM "authtoken_token" INNER JOIN "user" ON ("authtoken_token"."user_id" = "user"."usr_id") WHERE "authtoken_token"."key" = '5f8ba52b2eb8282200688d7f8b3fb31cde8ae1ec' LIMIT 21; args=('5f8ba52b2eb8282200688d7f8b3fb31cde8ae1ec',); alias=default
INFO 2025-05-09 19:16:05,811 allergen 30464 18736 Listing user allergens: user_id=66
DEBUG 2025-05-09 19:16:05,812 allergen 30464 18736 Getting user allergens: user_id=66
DEBUG 2025-05-09 19:16:05,818 utils 30464 18736 (0.016) SELECT "m2m_usr_alg"."mua_usr_id", "m2m_usr_alg"."mua_alg_id" FROM "m2m_usr_alg" WHERE "m2m_usr_alg"."mua_usr_id" = 66; args=(66,); alias=default
DEBUG 2025-05-09 19:16:05,823 utils 30464 18736 (0.000) SELECT "allergen"."alg_id", "allergen"."alg_name" FROM "allergen" WHERE "allergen"."alg_id" = 8 LIMIT 21; args=(8,); alias=default
DEBUG 2025-05-09 19:16:05,826 utils 30464 18736 (0.000) SELECT "allergen"."alg_id", "allergen"."alg_name" FROM "allergen" WHERE "allergen"."alg_id" = 9 LIMIT 21; args=(9,); alias=default
DEBUG 2025-05-09 19:16:05,828 utils 30464 18736 (0.000) SELECT "allergen"."alg_id", "allergen"."alg_name" FROM "allergen" WHERE "allergen"."alg_id" = 10 LIMIT 21; args=(10,); alias=default
INFO 2025-05-09 19:16:05,828 allergen 30464 18736 Retrieved 3 user allergens, user_id=66, time=0.02s
DEBUG 2025-05-09 19:16:21,109 utils 30464 7108 (0.000) SELECT "authtoken_token"."key", "authtoken_token"."user_id", "authtoken_token"."created", "user"."password", "user"."usr_id", "user"."usr_name", "user"."usr_pas_hash", "user"."usr_mail", "user"."usr_height", "user"."usr_weight", "user"."usr_age", "user"."usr_cal_day", "user"."usr_gender", "user"."is_staff", "user"."is_active", "user"."is_superuser", "user"."last_login", "user"."date_joined" FROM "authtoken_token" INNER JOIN "user" ON ("authtoken_token"."user_id" = "user"."usr_id") WHERE "authtoken_token"."key" = '5f8ba52b2eb8282200688d7f8b3fb31cde8ae1ec' LIMIT 21; args=('5f8ba52b2eb8282200688d7f8b3fb31cde8ae1ec',); alias=default
DEBUG 2025-05-09 19:16:21,116 utils 30464 7108 (0.000) SELECT "recipe"."rcp_id", "recipe"."rcp_title", "recipe"."rcp_description", "recipe"."rcp_cal", "recipe"."rcp_portion_count" FROM "recipe" WHERE "recipe"."rcp_id" = 1 LIMIT 21; args=(1,); alias=default
DEBUG 2025-05-09 19:16:21,119 utils 30464 7108 (0.000) SELECT "recipe"."rcp_id", "recipe"."rcp_title", "recipe"."rcp_description", "recipe"."rcp_cal", "recipe"."rcp_portion_count" FROM "recipe" WHERE "recipe"."rcp_id" = 1 LIMIT 21; args=(1,); alias=default
DEBUG 2025-05-09 19:16:21,139 utils 30464 7108 (0.000) SELECT "step"."stp_id", "step"."stp_title", "step"."stp_instruction", "step"."stp_rcp_id" FROM "step" WHERE "step"."stp_rcp_id" = 1 ORDER BY "step"."stp_id" ASC; args=(1,); alias=default
DEBUG 2025-05-09 19:16:21,151 utils 30464 7108 (0.000) SELECT "image"."img_id", "image"."img_url", "image"."img_stp_id" FROM "image" WHERE "image"."img_stp_id" = 1; args=(1,); alias=default
DEBUG 2025-05-09 19:16:21,161 utils 30464 7108 (0.015) SELECT "m2m_stp_igt"."msi_id", "m2m_stp_igt"."msi_igt_id", "m2m_stp_igt"."msi_quantity", "m2m_stp_igt"."msi_quantity_type", "m2m_stp_igt"."msi_stp_id" FROM "m2m_stp_igt" WHERE "m2m_stp_igt"."msi_stp_id" = 1; args=(1,); alias=default
DEBUG 2025-05-09 19:16:21,177 utils 30464 7108 (0.016) SELECT "ingredient_type"."igt_id", "ingredient_type"."igt_name", "ingredient_type"."igt_img_url", "ingredient_type"."category" FROM "ingredient_type" WHERE "ingredient_type"."igt_id" = 56 LIMIT 21; args=(56,); alias=default
DEBUG 2025-05-09 19:16:21,256 utils 30464 7108 (0.000) SELECT "ingredient_type"."igt_id", "ingredient_type"."igt_name", "ingredient_type"."igt_img_url", "ingredient_type"."category" FROM "ingredient_type" LIMIT 21; args=(); alias=default
DEBUG 2025-05-09 19:16:21,259 utils 30464 7108 (0.000) SELECT "ingredient_type"."igt_id", "ingredient_type"."igt_name", "ingredient_type"."igt_img_url", "ingredient_type"."category" FROM "ingredient_type" LIMIT 21; args=(); alias=default
DEBUG 2025-05-09 19:16:21,261 utils 30464 7108 (0.000) SELECT "ingredient_type"."igt_id", "ingredient_type"."igt_name", "ingredient_type"."igt_img_url", "ingredient_type"."category" FROM "ingredient_type" WHERE "ingredient_type"."igt_id" = 56 LIMIT 21; args=(56,); alias=default
DEBUG 2025-05-09 19:16:21,263 utils 30464 7108 (0.000) SELECT "ingredient_type"."igt_id", "ingredient_type"."igt_name", "ingredient_type"."igt_img_url", "ingredient_type"."category" FROM "ingredient_type" WHERE "ingredient_type"."igt_id" = 56 LIMIT 21; args=(56,); alias=default
DEBUG 2025-05-09 19:16:21,264 utils 30464 7108 (0.000) SELECT "ingredient_type"."igt_id", "ingredient_type"."igt_name", "ingredient_type"."igt_img_url", "ingredient_type"."category" FROM "ingredient_type" WHERE "ingredient_type"."igt_id" = 56 LIMIT 21; args=(56,); alias=default
DEBUG 2025-05-09 19:16:21,267 utils 30464 7108 (0.016) SELECT "ingredient_type"."igt_id", "ingredient_type"."igt_name", "ingredient_type"."igt_img_url", "ingredient_type"."category" FROM "ingredient_type" WHERE "ingredient_type"."igt_id" = 56 LIMIT 21; args=(56,); alias=default
DEBUG 2025-05-09 19:25:06,704 utils 29544 28792 (0.031) 
            SELECT
                c.relname,
                CASE
                    WHEN c.relispartition THEN 'p'
                    WHEN c.relkind IN ('m', 'v') THEN 'v'
                    ELSE 't'
                END,
                obj_description(c.oid, 'pg_class')
            FROM pg_catalog.pg_class c
            LEFT JOIN pg_catalog.pg_namespace n ON n.oid = c.relnamespace
            WHERE c.relkind IN ('f', 'm', 'p', 'r', 'v')
                AND n.nspname NOT IN ('pg_catalog', 'pg_toast')
                AND pg_catalog.pg_table_is_visible(c.oid)
        ; args=None; alias=default
DEBUG 2025-05-09 19:25:06,712 utils 29544 28792 (0.000) SELECT "django_migrations"."id", "django_migrations"."app", "django_migrations"."name", "django_migrations"."applied" FROM "django_migrations"; args=(); alias=default
DEBUG 2025-05-09 19:25:12,175 utils 29544 15660 (0.016) SELECT "authtoken_token"."key", "authtoken_token"."user_id", "authtoken_token"."created", "user"."password", "user"."usr_id", "user"."usr_name", "user"."usr_pas_hash", "user"."usr_mail", "user"."usr_height", "user"."usr_weight", "user"."usr_age", "user"."usr_cal_day", "user"."usr_gender", "user"."is_staff", "user"."is_active", "user"."is_superuser", "user"."last_login", "user"."date_joined" FROM "authtoken_token" INNER JOIN "user" ON ("authtoken_token"."user_id" = "user"."usr_id") WHERE "authtoken_token"."key" = '5f8ba52b2eb8282200688d7f8b3fb31cde8ae1ec' LIMIT 21; args=('5f8ba52b2eb8282200688d7f8b3fb31cde8ae1ec',); alias=default
DEBUG 2025-05-09 19:25:12,322 utils 29544 15660 (0.000) SELECT "recipe"."rcp_id", "recipe"."rcp_title", "recipe"."rcp_description", "recipe"."rcp_cal", "recipe"."rcp_portion_count" FROM "recipe" WHERE "recipe"."rcp_id" = 1 LIMIT 21; args=(1,); alias=default
DEBUG 2025-05-09 19:25:12,329 utils 29544 15660 (0.000) SELECT "recipe"."rcp_id", "recipe"."rcp_title", "recipe"."rcp_description", "recipe"."rcp_cal", "recipe"."rcp_portion_count" FROM "recipe" WHERE "recipe"."rcp_id" = 1 LIMIT 21; args=(1,); alias=default
DEBUG 2025-05-09 19:25:12,336 utils 29544 15660 (0.000) SELECT "step"."stp_id", "step"."stp_title", "step"."stp_instruction", "step"."stp_rcp_id" FROM "step" WHERE "step"."stp_rcp_id" = 1 ORDER BY "step"."stp_id" ASC; args=(1,); alias=default
DEBUG 2025-05-09 19:25:12,342 utils 29544 15660 (0.000) SELECT "image"."img_id", "image"."img_url", "image"."img_stp_id" FROM "image" WHERE "image"."img_stp_id" = 1; args=(1,); alias=default
DEBUG 2025-05-09 19:25:12,348 utils 29544 15660 (0.000) SELECT "m2m_stp_igt"."msi_id", "m2m_stp_igt"."msi_igt_id", "m2m_stp_igt"."msi_quantity", "m2m_stp_igt"."msi_quantity_type", "m2m_stp_igt"."msi_stp_id" FROM "m2m_stp_igt" WHERE "m2m_stp_igt"."msi_stp_id" = 1; args=(1,); alias=default
DEBUG 2025-05-09 19:25:12,360 utils 29544 15660 (0.015) SELECT "ingredient_type"."igt_id", "ingredient_type"."igt_name", "ingredient_type"."igt_img_url" FROM "ingredient_type" WHERE "ingredient_type"."igt_id" = 56 LIMIT 21; args=(56,); alias=default
DEBUG 2025-05-09 19:25:12,367 utils 29544 15660 (0.000) SELECT "ingredient_type"."igt_id", "ingredient_type"."igt_name", "ingredient_type"."igt_img_url" FROM "ingredient_type" WHERE "ingredient_type"."igt_id" = 47 LIMIT 21; args=(47,); alias=default
DEBUG 2025-05-09 19:25:12,369 utils 29544 15660 (0.000) SELECT "ingredient_type"."igt_id", "ingredient_type"."igt_name", "ingredient_type"."igt_img_url" FROM "ingredient_type" WHERE "ingredient_type"."igt_id" = 46 LIMIT 21; args=(46,); alias=default
DEBUG 2025-05-09 19:25:12,373 utils 29544 15660 (0.000) SELECT "image"."img_id", "image"."img_url", "image"."img_stp_id" FROM "image" WHERE "image"."img_stp_id" = 2; args=(2,); alias=default
DEBUG 2025-05-09 19:25:12,375 utils 29544 15660 (0.000) SELECT "m2m_stp_igt"."msi_id", "m2m_stp_igt"."msi_igt_id", "m2m_stp_igt"."msi_quantity", "m2m_stp_igt"."msi_quantity_type", "m2m_stp_igt"."msi_stp_id" FROM "m2m_stp_igt" WHERE "m2m_stp_igt"."msi_stp_id" = 2; args=(2,); alias=default
DEBUG 2025-05-09 19:25:12,378 utils 29544 15660 (0.000) SELECT "ingredient_type"."igt_id", "ingredient_type"."igt_name", "ingredient_type"."igt_img_url" FROM "ingredient_type" WHERE "ingredient_type"."igt_id" = 56 LIMIT 21; args=(56,); alias=default
DEBUG 2025-05-09 19:25:12,381 utils 29544 15660 (0.000) SELECT "image"."img_id", "image"."img_url", "image"."img_stp_id" FROM "image" WHERE "image"."img_stp_id" = 3; args=(3,); alias=default
DEBUG 2025-05-09 19:25:12,384 utils 29544 15660 (0.000) SELECT "m2m_stp_igt"."msi_id", "m2m_stp_igt"."msi_igt_id", "m2m_stp_igt"."msi_quantity", "m2m_stp_igt"."msi_quantity_type", "m2m_stp_igt"."msi_stp_id" FROM "m2m_stp_igt" WHERE "m2m_stp_igt"."msi_stp_id" = 3; args=(3,); alias=default
DEBUG 2025-05-09 19:25:12,387 utils 29544 15660 (0.000) SELECT "ingredient_type"."igt_id", "ingredient_type"."igt_name", "ingredient_type"."igt_img_url" FROM "ingredient_type" WHERE "ingredient_type"."igt_id" = 42 LIMIT 21; args=(42,); alias=default
DEBUG 2025-05-09 19:25:12,395 utils 29544 15660 (0.016) SELECT 1 AS "a" FROM "favorite_recipe" WHERE ("favorite_recipe"."fvr_rcp_id" = 1 AND "favorite_recipe"."fvr_usr_id" = 66) LIMIT 1; args=(1, 1, 66); alias=default
DEBUG 2025-05-09 19:25:22,143 utils 29544 15660 (0.016) SELECT "authtoken_token"."key", "authtoken_token"."user_id", "authtoken_token"."created", "user"."password", "user"."usr_id", "user"."usr_name", "user"."usr_pas_hash", "user"."usr_mail", "user"."usr_height", "user"."usr_weight", "user"."usr_age", "user"."usr_cal_day", "user"."usr_gender", "user"."is_staff", "user"."is_active", "user"."is_superuser", "user"."last_login", "user"."date_joined" FROM "authtoken_token" INNER JOIN "user" ON ("authtoken_token"."user_id" = "user"."usr_id") WHERE "authtoken_token"."key" = '5f8ba52b2eb8282200688d7f8b3fb31cde8ae1ec' LIMIT 21; args=('5f8ba52b2eb8282200688d7f8b3fb31cde8ae1ec',); alias=default
DEBUG 2025-05-09 19:25:52,833 utils 29544 2752 (0.000) SELECT "authtoken_token"."key", "authtoken_token"."user_id", "authtoken_token"."created", "user"."password", "user"."usr_id", "user"."usr_name", "user"."usr_pas_hash", "user"."usr_mail", "user"."usr_height", "user"."usr_weight", "user"."usr_age", "user"."usr_cal_day", "user"."usr_gender", "user"."is_staff", "user"."is_active", "user"."is_superuser", "user"."last_login", "user"."date_joined" FROM "authtoken_token" INNER JOIN "user" ON ("authtoken_token"."user_id" = "user"."usr_id") WHERE "authtoken_token"."key" = '5f8ba52b2eb8282200688d7f8b3fb31cde8ae1ec' LIMIT 21; args=('5f8ba52b2eb8282200688d7f8b3fb31cde8ae1ec',); alias=default
DEBUG 2025-05-09 19:25:52,837 utils 29544 2752 (0.000) SELECT "recipe"."rcp_id", "recipe"."rcp_title", "recipe"."rcp_description", "recipe"."rcp_cal", "recipe"."rcp_portion_count" FROM "recipe" WHERE "recipe"."rcp_id" = 2 LIMIT 21; args=(2,); alias=default
DEBUG 2025-05-09 19:25:52,839 utils 29544 2752 (0.000) SELECT "recipe"."rcp_id", "recipe"."rcp_title", "recipe"."rcp_description", "recipe"."rcp_cal", "recipe"."rcp_portion_count" FROM "recipe" WHERE "recipe"."rcp_id" = 2 LIMIT 21; args=(2,); alias=default
DEBUG 2025-05-09 19:25:52,841 utils 29544 2752 (0.000) SELECT "step"."stp_id", "step"."stp_title", "step"."stp_instruction", "step"."stp_rcp_id" FROM "step" WHERE "step"."stp_rcp_id" = 2 ORDER BY "step"."stp_id" ASC; args=(2,); alias=default
DEBUG 2025-05-09 19:25:52,846 utils 29544 2752 (0.016) SELECT "image"."img_id", "image"."img_url", "image"."img_stp_id" FROM "image" WHERE "image"."img_stp_id" = 4; args=(4,); alias=default
DEBUG 2025-05-09 19:25:52,848 utils 29544 2752 (0.000) SELECT "m2m_stp_igt"."msi_id", "m2m_stp_igt"."msi_igt_id", "m2m_stp_igt"."msi_quantity", "m2m_stp_igt"."msi_quantity_type", "m2m_stp_igt"."msi_stp_id" FROM "m2m_stp_igt" WHERE "m2m_stp_igt"."msi_stp_id" = 4; args=(4,); alias=default
DEBUG 2025-05-09 19:25:52,851 utils 29544 2752 (0.000) SELECT "ingredient_type"."igt_id", "ingredient_type"."igt_name", "ingredient_type"."igt_img_url" FROM "ingredient_type" WHERE "ingredient_type"."igt_id" = 44 LIMIT 21; args=(44,); alias=default
DEBUG 2025-05-09 19:25:52,854 utils 29544 2752 (0.000) SELECT "ingredient_type"."igt_id", "ingredient_type"."igt_name", "ingredient_type"."igt_img_url" FROM "ingredient_type" WHERE "ingredient_type"."igt_id" = 10 LIMIT 21; args=(10,); alias=default
DEBUG 2025-05-09 19:25:52,856 utils 29544 2752 (0.000) SELECT "ingredient_type"."igt_id", "ingredient_type"."igt_name", "ingredient_type"."igt_img_url" FROM "ingredient_type" WHERE "ingredient_type"."igt_id" = 34 LIMIT 21; args=(34,); alias=default
DEBUG 2025-05-09 19:25:52,858 utils 29544 2752 (0.000) SELECT "image"."img_id", "image"."img_url", "image"."img_stp_id" FROM "image" WHERE "image"."img_stp_id" = 5; args=(5,); alias=default
DEBUG 2025-05-09 19:25:52,859 utils 29544 2752 (0.000) SELECT "m2m_stp_igt"."msi_id", "m2m_stp_igt"."msi_igt_id", "m2m_stp_igt"."msi_quantity", "m2m_stp_igt"."msi_quantity_type", "m2m_stp_igt"."msi_stp_id" FROM "m2m_stp_igt" WHERE "m2m_stp_igt"."msi_stp_id" = 5; args=(5,); alias=default
DEBUG 2025-05-09 19:25:52,861 utils 29544 2752 (0.000) SELECT "ingredient_type"."igt_id", "ingredient_type"."igt_name", "ingredient_type"."igt_img_url" FROM "ingredient_type" WHERE "ingredient_type"."igt_id" = 37 LIMIT 21; args=(37,); alias=default
DEBUG 2025-05-09 19:25:52,863 utils 29544 2752 (0.000) SELECT "ingredient_type"."igt_id", "ingredient_type"."igt_name", "ingredient_type"."igt_img_url" FROM "ingredient_type" WHERE "ingredient_type"."igt_id" = 35 LIMIT 21; args=(35,); alias=default
DEBUG 2025-05-09 19:25:52,865 utils 29544 2752 (0.000) SELECT "ingredient_type"."igt_id", "ingredient_type"."igt_name", "ingredient_type"."igt_img_url" FROM "ingredient_type" WHERE "ingredient_type"."igt_id" = 38 LIMIT 21; args=(38,); alias=default
DEBUG 2025-05-09 19:25:52,867 utils 29544 2752 (0.000) SELECT "image"."img_id", "image"."img_url", "image"."img_stp_id" FROM "image" WHERE "image"."img_stp_id" = 6; args=(6,); alias=default
DEBUG 2025-05-09 19:25:52,868 utils 29544 2752 (0.000) SELECT "m2m_stp_igt"."msi_id", "m2m_stp_igt"."msi_igt_id", "m2m_stp_igt"."msi_quantity", "m2m_stp_igt"."msi_quantity_type", "m2m_stp_igt"."msi_stp_id" FROM "m2m_stp_igt" WHERE "m2m_stp_igt"."msi_stp_id" = 6; args=(6,); alias=default
DEBUG 2025-05-09 19:25:52,871 utils 29544 2752 (0.000) SELECT "ingredient_type"."igt_id", "ingredient_type"."igt_name", "ingredient_type"."igt_img_url" FROM "ingredient_type" WHERE "ingredient_type"."igt_id" = 43 LIMIT 21; args=(43,); alias=default
DEBUG 2025-05-09 19:25:52,872 utils 29544 2752 (0.000) SELECT "ingredient_type"."igt_id", "ingredient_type"."igt_name", "ingredient_type"."igt_img_url" FROM "ingredient_type" WHERE "ingredient_type"."igt_id" = 48 LIMIT 21; args=(48,); alias=default
DEBUG 2025-05-09 19:25:52,874 utils 29544 2752 (0.000) SELECT 1 AS "a" FROM "favorite_recipe" WHERE ("favorite_recipe"."fvr_rcp_id" = 2 AND "favorite_recipe"."fvr_usr_id" = 66) LIMIT 1; args=(1, 2, 66); alias=default
DEBUG 2025-05-09 19:25:55,755 utils 29544 2752 (0.000) SELECT "authtoken_token"."key", "authtoken_token"."user_id", "authtoken_token"."created", "user"."password", "user"."usr_id", "user"."usr_name", "user"."usr_pas_hash", "user"."usr_mail", "user"."usr_height", "user"."usr_weight", "user"."usr_age", "user"."usr_cal_day", "user"."usr_gender", "user"."is_staff", "user"."is_active", "user"."is_superuser", "user"."last_login", "user"."date_joined" FROM "authtoken_token" INNER JOIN "user" ON ("authtoken_token"."user_id" = "user"."usr_id") WHERE "authtoken_token"."key" = '5f8ba52b2eb8282200688d7f8b3fb31cde8ae1ec' LIMIT 21; args=('5f8ba52b2eb8282200688d7f8b3fb31cde8ae1ec',); alias=default
DEBUG 2025-05-09 19:25:55,758 utils 29544 2752 (0.000) SELECT "recipe"."rcp_id", "recipe"."rcp_title", "recipe"."rcp_description", "recipe"."rcp_cal", "recipe"."rcp_portion_count" FROM "recipe" WHERE "recipe"."rcp_id" = 6 LIMIT 21; args=(6,); alias=default
DEBUG 2025-05-09 19:25:55,759 utils 29544 2752 (0.000) SELECT "recipe"."rcp_id", "recipe"."rcp_title", "recipe"."rcp_description", "recipe"."rcp_cal", "recipe"."rcp_portion_count" FROM "recipe" WHERE "recipe"."rcp_id" = 6 LIMIT 21; args=(6,); alias=default
DEBUG 2025-05-09 19:25:55,764 utils 29544 2752 (0.000) SELECT "step"."stp_id", "step"."stp_title", "step"."stp_instruction", "step"."stp_rcp_id" FROM "step" WHERE "step"."stp_rcp_id" = 6 ORDER BY "step"."stp_id" ASC; args=(6,); alias=default
DEBUG 2025-05-09 19:25:55,766 utils 29544 2752 (0.000) SELECT "image"."img_id", "image"."img_url", "image"."img_stp_id" FROM "image" WHERE "image"."img_stp_id" = 13; args=(13,); alias=default
DEBUG 2025-05-09 19:25:55,768 utils 29544 2752 (0.000) SELECT "m2m_stp_igt"."msi_id", "m2m_stp_igt"."msi_igt_id", "m2m_stp_igt"."msi_quantity", "m2m_stp_igt"."msi_quantity_type", "m2m_stp_igt"."msi_stp_id" FROM "m2m_stp_igt" WHERE "m2m_stp_igt"."msi_stp_id" = 13; args=(13,); alias=default
DEBUG 2025-05-09 19:25:55,771 utils 29544 2752 (0.000) SELECT "ingredient_type"."igt_id", "ingredient_type"."igt_name", "ingredient_type"."igt_img_url" FROM "ingredient_type" WHERE "ingredient_type"."igt_id" = 46 LIMIT 21; args=(46,); alias=default
DEBUG 2025-05-09 19:25:55,773 utils 29544 2752 (0.000) SELECT "ingredient_type"."igt_id", "ingredient_type"."igt_name", "ingredient_type"."igt_img_url" FROM "ingredient_type" WHERE "ingredient_type"."igt_id" = 47 LIMIT 21; args=(47,); alias=default
DEBUG 2025-05-09 19:25:55,774 utils 29544 2752 (0.000) SELECT "ingredient_type"."igt_id", "ingredient_type"."igt_name", "ingredient_type"."igt_img_url" FROM "ingredient_type" WHERE "ingredient_type"."igt_id" = 43 LIMIT 21; args=(43,); alias=default
DEBUG 2025-05-09 19:25:55,776 utils 29544 2752 (0.000) SELECT "image"."img_id", "image"."img_url", "image"."img_stp_id" FROM "image" WHERE "image"."img_stp_id" = 14; args=(14,); alias=default
DEBUG 2025-05-09 19:25:55,777 utils 29544 2752 (0.000) SELECT "m2m_stp_igt"."msi_id", "m2m_stp_igt"."msi_igt_id", "m2m_stp_igt"."msi_quantity", "m2m_stp_igt"."msi_quantity_type", "m2m_stp_igt"."msi_stp_id" FROM "m2m_stp_igt" WHERE "m2m_stp_igt"."msi_stp_id" = 14; args=(14,); alias=default
DEBUG 2025-05-09 19:25:55,779 utils 29544 2752 (0.000) SELECT "ingredient_type"."igt_id", "ingredient_type"."igt_name", "ingredient_type"."igt_img_url" FROM "ingredient_type" WHERE "ingredient_type"."igt_id" = 42 LIMIT 21; args=(42,); alias=default
DEBUG 2025-05-09 19:25:55,781 utils 29544 2752 (0.000) SELECT "ingredient_type"."igt_id", "ingredient_type"."igt_name", "ingredient_type"."igt_img_url" FROM "ingredient_type" WHERE "ingredient_type"."igt_id" = 51 LIMIT 21; args=(51,); alias=default
DEBUG 2025-05-09 19:25:55,783 utils 29544 2752 (0.000) SELECT 1 AS "a" FROM "favorite_recipe" WHERE ("favorite_recipe"."fvr_rcp_id" = 6 AND "favorite_recipe"."fvr_usr_id" = 66) LIMIT 1; args=(1, 6, 66); alias=default
DEBUG 2025-05-09 19:26:00,837 utils 29544 2752 (0.000) SELECT "authtoken_token"."key", "authtoken_token"."user_id", "authtoken_token"."created", "user"."password", "user"."usr_id", "user"."usr_name", "user"."usr_pas_hash", "user"."usr_mail", "user"."usr_height", "user"."usr_weight", "user"."usr_age", "user"."usr_cal_day", "user"."usr_gender", "user"."is_staff", "user"."is_active", "user"."is_superuser", "user"."last_login", "user"."date_joined" FROM "authtoken_token" INNER JOIN "user" ON ("authtoken_token"."user_id" = "user"."usr_id") WHERE "authtoken_token"."key" = '5f8ba52b2eb8282200688d7f8b3fb31cde8ae1ec' LIMIT 21; args=('5f8ba52b2eb8282200688d7f8b3fb31cde8ae1ec',); alias=default
DEBUG 2025-05-09 19:26:00,843 utils 29544 2752 (0.000) SELECT "recipe"."rcp_id", "recipe"."rcp_title", "recipe"."rcp_description", "recipe"."rcp_cal", "recipe"."rcp_portion_count" FROM "recipe" WHERE "recipe"."rcp_id" = 25 LIMIT 21; args=(25,); alias=default
DEBUG 2025-05-09 19:26:00,847 utils 29544 2752 (0.000) SELECT "recipe"."rcp_id", "recipe"."rcp_title", "recipe"."rcp_description", "recipe"."rcp_cal", "recipe"."rcp_portion_count" FROM "recipe" WHERE "recipe"."rcp_id" = 25 LIMIT 21; args=(25,); alias=default
DEBUG 2025-05-09 19:26:00,856 utils 29544 2752 (0.000) SELECT "step"."stp_id", "step"."stp_title", "step"."stp_instruction", "step"."stp_rcp_id" FROM "step" WHERE "step"."stp_rcp_id" = 25 ORDER BY "step"."stp_id" ASC; args=(25,); alias=default
DEBUG 2025-05-09 19:26:00,863 utils 29544 2752 (0.015) SELECT "image"."img_id", "image"."img_url", "image"."img_stp_id" FROM "image" WHERE "image"."img_stp_id" = 52; args=(52,); alias=default
DEBUG 2025-05-09 19:26:00,868 utils 29544 2752 (0.000) SELECT "m2m_stp_igt"."msi_id", "m2m_stp_igt"."msi_igt_id", "m2m_stp_igt"."msi_quantity", "m2m_stp_igt"."msi_quantity_type", "m2m_stp_igt"."msi_stp_id" FROM "m2m_stp_igt" WHERE "m2m_stp_igt"."msi_stp_id" = 52; args=(52,); alias=default
DEBUG 2025-05-09 19:26:00,874 utils 29544 2752 (0.000) SELECT "image"."img_id", "image"."img_url", "image"."img_stp_id" FROM "image" WHERE "image"."img_stp_id" = 53; args=(53,); alias=default
DEBUG 2025-05-09 19:26:00,879 utils 29544 2752 (0.000) SELECT "m2m_stp_igt"."msi_id", "m2m_stp_igt"."msi_igt_id", "m2m_stp_igt"."msi_quantity", "m2m_stp_igt"."msi_quantity_type", "m2m_stp_igt"."msi_stp_id" FROM "m2m_stp_igt" WHERE "m2m_stp_igt"."msi_stp_id" = 53; args=(53,); alias=default
DEBUG 2025-05-09 19:26:00,884 utils 29544 2752 (0.000) SELECT 1 AS "a" FROM "favorite_recipe" WHERE ("favorite_recipe"."fvr_rcp_id" = 25 AND "favorite_recipe"."fvr_usr_id" = 66) LIMIT 1; args=(1, 25, 66); alias=default
DEBUG 2025-05-09 19:26:12,150 utils 29544 2752 (0.000) SELECT "authtoken_token"."key", "authtoken_token"."user_id", "authtoken_token"."created", "user"."password", "user"."usr_id", "user"."usr_name", "user"."usr_pas_hash", "user"."usr_mail", "user"."usr_height", "user"."usr_weight", "user"."usr_age", "user"."usr_cal_day", "user"."usr_gender", "user"."is_staff", "user"."is_active", "user"."is_superuser", "user"."last_login", "user"."date_joined" FROM "authtoken_token" INNER JOIN "user" ON ("authtoken_token"."user_id" = "user"."usr_id") WHERE "authtoken_token"."key" = '5f8ba52b2eb8282200688d7f8b3fb31cde8ae1ec' LIMIT 21; args=('5f8ba52b2eb8282200688d7f8b3fb31cde8ae1ec',); alias=default
DEBUG 2025-05-09 19:26:17,708 utils 29544 2752 (0.015) SELECT "authtoken_token"."key", "authtoken_token"."user_id", "authtoken_token"."created", "user"."password", "user"."usr_id", "user"."usr_name", "user"."usr_pas_hash", "user"."usr_mail", "user"."usr_height", "user"."usr_weight", "user"."usr_age", "user"."usr_cal_day", "user"."usr_gender", "user"."is_staff", "user"."is_active", "user"."is_superuser", "user"."last_login", "user"."date_joined" FROM "authtoken_token" INNER JOIN "user" ON ("authtoken_token"."user_id" = "user"."usr_id") WHERE "authtoken_token"."key" = '5f8ba52b2eb8282200688d7f8b3fb31cde8ae1ec' LIMIT 21; args=('5f8ba52b2eb8282200688d7f8b3fb31cde8ae1ec',); alias=default
DEBUG 2025-05-09 19:26:17,715 utils 29544 2752 (0.000) SELECT "recipe"."rcp_id", "recipe"."rcp_title", "recipe"."rcp_description", "recipe"."rcp_cal", "recipe"."rcp_portion_count" FROM "recipe" WHERE "recipe"."rcp_id" = 3 LIMIT 21; args=(3,); alias=default
DEBUG 2025-05-09 19:26:17,720 utils 29544 2752 (0.016) SELECT "recipe"."rcp_id", "recipe"."rcp_title", "recipe"."rcp_description", "recipe"."rcp_cal", "recipe"."rcp_portion_count" FROM "recipe" WHERE "recipe"."rcp_id" = 3 LIMIT 21; args=(3,); alias=default
DEBUG 2025-05-09 19:26:17,727 utils 29544 2752 (0.000) SELECT "step"."stp_id", "step"."stp_title", "step"."stp_instruction", "step"."stp_rcp_id" FROM "step" WHERE "step"."stp_rcp_id" = 3 ORDER BY "step"."stp_id" ASC; args=(3,); alias=default
DEBUG 2025-05-09 19:26:17,733 utils 29544 2752 (0.000) SELECT "image"."img_id", "image"."img_url", "image"."img_stp_id" FROM "image" WHERE "image"."img_stp_id" = 7; args=(7,); alias=default
DEBUG 2025-05-09 19:26:17,739 utils 29544 2752 (0.000) SELECT "m2m_stp_igt"."msi_id", "m2m_stp_igt"."msi_igt_id", "m2m_stp_igt"."msi_quantity", "m2m_stp_igt"."msi_quantity_type", "m2m_stp_igt"."msi_stp_id" FROM "m2m_stp_igt" WHERE "m2m_stp_igt"."msi_stp_id" = 7; args=(7,); alias=default
DEBUG 2025-05-09 19:26:17,745 utils 29544 2752 (0.000) SELECT "ingredient_type"."igt_id", "ingredient_type"."igt_name", "ingredient_type"."igt_img_url" FROM "ingredient_type" WHERE "ingredient_type"."igt_id" = 46 LIMIT 21; args=(46,); alias=default
DEBUG 2025-05-09 19:26:17,749 utils 29544 2752 (0.000) SELECT "ingredient_type"."igt_id", "ingredient_type"."igt_name", "ingredient_type"."igt_img_url" FROM "ingredient_type" WHERE "ingredient_type"."igt_id" = 41 LIMIT 21; args=(41,); alias=default
DEBUG 2025-05-09 19:26:17,754 utils 29544 2752 (0.000) SELECT "ingredient_type"."igt_id", "ingredient_type"."igt_name", "ingredient_type"."igt_img_url" FROM "ingredient_type" WHERE "ingredient_type"."igt_id" = 40 LIMIT 21; args=(40,); alias=default
DEBUG 2025-05-09 19:26:17,758 utils 29544 2752 (0.000) SELECT "image"."img_id", "image"."img_url", "image"."img_stp_id" FROM "image" WHERE "image"."img_stp_id" = 8; args=(8,); alias=default
DEBUG 2025-05-09 19:26:17,761 utils 29544 2752 (0.000) SELECT "m2m_stp_igt"."msi_id", "m2m_stp_igt"."msi_igt_id", "m2m_stp_igt"."msi_quantity", "m2m_stp_igt"."msi_quantity_type", "m2m_stp_igt"."msi_stp_id" FROM "m2m_stp_igt" WHERE "m2m_stp_igt"."msi_stp_id" = 8; args=(8,); alias=default
DEBUG 2025-05-09 19:26:17,765 utils 29544 2752 (0.000) SELECT "ingredient_type"."igt_id", "ingredient_type"."igt_name", "ingredient_type"."igt_img_url" FROM "ingredient_type" WHERE "ingredient_type"."igt_id" = 37 LIMIT 21; args=(37,); alias=default
DEBUG 2025-05-09 19:26:17,769 utils 29544 2752 (0.000) SELECT 1 AS "a" FROM "favorite_recipe" WHERE ("favorite_recipe"."fvr_rcp_id" = 3 AND "favorite_recipe"."fvr_usr_id" = 66) LIMIT 1; args=(1, 3, 66); alias=default
