INFO 2025-05-09 18:30:03,946 autoreload 30464 17468 Watching for file changes with StatReloader
INFO 2025-05-09 18:30:04,175 wsgi 30464 29200 ==== Starting FoodBalancer Backend Application ====
INFO 2025-05-09 18:30:04,175 wsgi 30464 29200 Environment: config.settings
INFO 2025-05-09 18:30:04,175 wsgi 30464 29200 Python version: 3.12.8 (tags/v3.12.8:2dc476b, Dec  3 2024, 19:30:04) [MSC v.1942 64 bit (AMD64)]
INFO 2025-05-09 18:30:04,179 wsgi 30464 29200 Application initialized successfully
INFO 2025-05-09 18:30:40,853 recipe 30464 4388 Recipe viewed: recipe_id=1, title='Classic Spaghetti Carbonara', user_id=66
ERROR 2025-05-09 18:30:41,065 basehttp 30464 4388 "GET /api/recipes/1/ HTTP/1.1" 500 30539
INFO 2025-05-09 19:16:05,021 views 30464 18736 Profile accessed: user_id=66
INFO 2025-05-09 19:16:05,101 basehttp 30464 18736 "GET /api/users/profile/ HTTP/1.1" 200 151
INFO 2025-05-09 19:16:05,203 allergen 30464 18736 Listing all allergens: user_id=66
INFO 2025-05-09 19:16:05,210 allergen 30464 18736 Retrieved unknown allergens, user_id=66, time=0.01s
INFO 2025-05-09 19:16:05,224 basehttp 30464 18736 "GET /api/allergens/?limit=1000 HTTP/1.1" 200 1711
INFO 2025-05-09 19:16:05,328 equipment 30464 18736 Listing all equipment: user_id=66
INFO 2025-05-09 19:16:05,334 equipment 30464 18736 Retrieved unknown equipment items, user_id=66, time=0.01s
INFO 2025-05-09 19:16:05,347 basehttp 30464 18736 "GET /api/equipment/?limit=1000 HTTP/1.1" 200 13914
INFO 2025-05-09 19:16:05,460 views 30464 18736 Profile accessed: user_id=66
INFO 2025-05-09 19:16:05,482 basehttp 30464 18736 "GET /api/users/profile/ HTTP/1.1" 200 151
INFO 2025-05-09 19:16:05,562 allergen 30464 18736 Listing all allergens: user_id=66
INFO 2025-05-09 19:16:05,566 allergen 30464 18736 Retrieved unknown allergens, user_id=66, time=0.00s
INFO 2025-05-09 19:16:05,581 basehttp 30464 18736 "GET /api/allergens/?limit=1000 HTTP/1.1" 200 1711
INFO 2025-05-09 19:16:05,699 equipment 30464 18736 Listing all equipment: user_id=66
INFO 2025-05-09 19:16:05,706 equipment 30464 18736 Retrieved unknown equipment items, user_id=66, time=0.01s
INFO 2025-05-09 19:16:05,725 basehttp 30464 18736 "GET /api/equipment/?limit=1000 HTTP/1.1" 200 13914
INFO 2025-05-09 19:16:05,811 allergen 30464 18736 Listing user allergens: user_id=66
INFO 2025-05-09 19:16:05,828 allergen 30464 18736 Retrieved 3 user allergens, user_id=66, time=0.02s
INFO 2025-05-09 19:16:05,854 basehttp 30464 18736 "GET /api/user-allergens/ HTTP/1.1" 200 100
INFO 2025-05-09 19:16:21,117 recipe 30464 7108 Recipe viewed: recipe_id=1, title='Classic Spaghetti Carbonara', user_id=66
ERROR 2025-05-09 19:16:21,356 basehttp 30464 7108 "GET /api/recipes/1/ HTTP/1.1" 500 30539
INFO 2025-05-09 19:25:06,311 autoreload 29544 15632 Watching for file changes with StatReloader
INFO 2025-05-09 19:25:06,715 wsgi 29544 28792 ==== Starting FoodBalancer Backend Application ====
INFO 2025-05-09 19:25:06,715 wsgi 29544 28792 Environment: config.settings
INFO 2025-05-09 19:25:06,715 wsgi 29544 28792 Python version: 3.12.8 (tags/v3.12.8:2dc476b, Dec  3 2024, 19:30:04) [MSC v.1942 64 bit (AMD64)]
INFO 2025-05-09 19:25:06,721 wsgi 29544 28792 Application initialized successfully
INFO 2025-05-09 19:25:12,326 recipe 29544 15660 Recipe viewed: recipe_id=1, title='Classic Spaghetti Carbonara', user_id=66
INFO 2025-05-09 19:25:12,547 basehttp 29544 15660 "GET /api/recipes/1/ HTTP/1.1" 200 2719
WARNING 2025-05-09 19:25:22,145 recipe 29544 15660 Missing recipe ID in favorite add request: user_id=66
WARNING 2025-05-09 19:25:22,157 basehttp 29544 15660 "POST /api/favorites/ HTTP/1.1" 400 65
INFO 2025-05-09 19:25:52,837 recipe 29544 2752 Recipe viewed: recipe_id=2, title='Vegetarian Lentil Curry', user_id=66
INFO 2025-05-09 19:25:52,937 basehttp 29544 2752 "GET /api/recipes/2/ HTTP/1.1" 200 3308
INFO 2025-05-09 19:25:55,758 recipe 29544 2752 Recipe viewed: recipe_id=6, title='Tiramisu', user_id=66
INFO 2025-05-09 19:25:55,826 basehttp 29544 2752 "GET /api/recipes/6/ HTTP/1.1" 200 2176
INFO 2025-05-09 19:26:00,844 recipe 29544 2752 Recipe viewed: recipe_id=25, title='Baked Salmon', user_id=66
INFO 2025-05-09 19:26:00,965 basehttp 29544 2752 "GET /api/recipes/25/ HTTP/1.1" 200 892
WARNING 2025-05-09 19:26:12,151 recipe 29544 2752 Missing recipe ID in favorite add request: user_id=66
WARNING 2025-05-09 19:26:12,166 basehttp 29544 2752 "POST /api/favorites/ HTTP/1.1" 400 65
INFO 2025-05-09 19:26:17,716 recipe 29544 2752 Recipe viewed: recipe_id=3, title='Banana Pancakes', user_id=66
INFO 2025-05-09 19:26:17,850 basehttp 29544 2752 "GET /api/recipes/3/ HTTP/1.1" 200 1931
