{"timestamp": "2025-05-09T18:30:40.853415", "level": "INFO", "logger": "apps.core.recipes", "message": "Recipe viewed: recipe_id=1, title='Classic Spaghetti Carbonara', user_id=66", "module": "recipe", "process": 30464, "thread": 4388}
{"timestamp": "2025-05-09T18:30:40.874933", "level": "ERROR", "logger": "django.request", "message": "Exception in GET /api/recipes/1/: ProgrammingError: column ingredient_type.category does not exist\nLINE 1: ...ype\".\"igt_name\", \"ingredient_type\".\"igt_img_url\", \"ingredien...\n                                                             ^\n, user_id=66, ip=192.168.100.2", "module": "middleware", "process": 30464, "thread": 4388, "exception": {"type": "ProgrammingError", "message": "column ingredient_type.category does not exist\nLINE 1: ...ype\".\"igt_name\", \"ingredient_type\".\"igt_img_url\", \"ingredien...\n                                                             ^\n"}, "status_code": 500, "user_id": 66, "ip": "192.168.100.2"}
{"timestamp": "2025-05-09T18:30:40.988606", "level": "ERROR", "logger": "django.request", "message": "Internal Server Error: /api/recipes/1/", "module": "log", "process": 30464, "thread": 4388, "exception": {"type": "ProgrammingError", "message": "column ingredient_type.category does not exist\nLINE 1: ...ype\".\"igt_name\", \"ingredient_type\".\"igt_img_url\", \"ingredien...\n                                                             ^\n"}, "status_code": 500}
{"timestamp": "2025-05-09T19:16:05.021677", "level": "INFO", "logger": "apps.users", "message": "Profile accessed: user_id=66", "module": "views", "process": 30464, "thread": 18736}
{"timestamp": "2025-05-09T19:16:05.203358", "level": "INFO", "logger": "apps.core.allergens", "message": "Listing all allergens: user_id=66", "module": "allergen", "process": 30464, "thread": 18736}
{"timestamp": "2025-05-09T19:16:05.210076", "level": "INFO", "logger": "apps.core.allergens", "message": "Retrieved unknown allergens, user_id=66, time=0.01s", "module": "allergen", "process": 30464, "thread": 18736}
{"timestamp": "2025-05-09T19:16:05.328010", "level": "INFO", "logger": "apps.core.equipment", "message": "Listing all equipment: user_id=66", "module": "equipment", "process": 30464, "thread": 18736}
{"timestamp": "2025-05-09T19:16:05.334890", "level": "INFO", "logger": "apps.core.equipment", "message": "Retrieved unknown equipment items, user_id=66, time=0.01s", "module": "equipment", "process": 30464, "thread": 18736}
{"timestamp": "2025-05-09T19:16:05.460522", "level": "INFO", "logger": "apps.users", "message": "Profile accessed: user_id=66", "module": "views", "process": 30464, "thread": 18736}
{"timestamp": "2025-05-09T19:16:05.562920", "level": "INFO", "logger": "apps.core.allergens", "message": "Listing all allergens: user_id=66", "module": "allergen", "process": 30464, "thread": 18736}
{"timestamp": "2025-05-09T19:16:05.566584", "level": "INFO", "logger": "apps.core.allergens", "message": "Retrieved unknown allergens, user_id=66, time=0.00s", "module": "allergen", "process": 30464, "thread": 18736}
{"timestamp": "2025-05-09T19:16:05.699628", "level": "INFO", "logger": "apps.core.equipment", "message": "Listing all equipment: user_id=66", "module": "equipment", "process": 30464, "thread": 18736}
{"timestamp": "2025-05-09T19:16:05.706627", "level": "INFO", "logger": "apps.core.equipment", "message": "Retrieved unknown equipment items, user_id=66, time=0.01s", "module": "equipment", "process": 30464, "thread": 18736}
{"timestamp": "2025-05-09T19:16:05.811294", "level": "INFO", "logger": "apps.core.allergens", "message": "Listing user allergens: user_id=66", "module": "allergen", "process": 30464, "thread": 18736}
{"timestamp": "2025-05-09T19:16:05.828551", "level": "INFO", "logger": "apps.core.allergens", "message": "Retrieved 3 user allergens, user_id=66, time=0.02s", "module": "allergen", "process": 30464, "thread": 18736}
{"timestamp": "2025-05-09T19:16:21.117207", "level": "INFO", "logger": "apps.core.recipes", "message": "Recipe viewed: recipe_id=1, title='Classic Spaghetti Carbonara', user_id=66", "module": "recipe", "process": 30464, "thread": 7108}
{"timestamp": "2025-05-09T19:16:21.180373", "level": "ERROR", "logger": "django.request", "message": "Exception in GET /api/recipes/1/: ProgrammingError: column ingredient_type.category does not exist\nLINE 1: ...ype\".\"igt_name\", \"ingredient_type\".\"igt_img_url\", \"ingredien...\n                                                             ^\n, user_id=66, ip=192.168.100.2", "module": "middleware", "process": 30464, "thread": 7108, "exception": {"type": "ProgrammingError", "message": "column ingredient_type.category does not exist\nLINE 1: ...ype\".\"igt_name\", \"ingredient_type\".\"igt_img_url\", \"ingredien...\n                                                             ^\n"}, "status_code": 500, "user_id": 66, "ip": "192.168.100.2"}
{"timestamp": "2025-05-09T19:16:21.326794", "level": "ERROR", "logger": "django.request", "message": "Internal Server Error: /api/recipes/1/", "module": "log", "process": 30464, "thread": 7108, "exception": {"type": "ProgrammingError", "message": "column ingredient_type.category does not exist\nLINE 1: ...ype\".\"igt_name\", \"ingredient_type\".\"igt_img_url\", \"ingredien...\n                                                             ^\n"}, "status_code": 500}
{"timestamp": "2025-05-09T19:25:12.326534", "level": "INFO", "logger": "apps.core.recipes", "message": "Recipe viewed: recipe_id=1, title='Classic Spaghetti Carbonara', user_id=66", "module": "recipe", "process": 29544, "thread": 15660}
{"timestamp": "2025-05-09T19:25:22.145608", "level": "WARNING", "logger": "apps.core.recipes", "message": "Missing recipe ID in favorite add request: user_id=66", "module": "recipe", "process": 29544, "thread": 15660}
{"timestamp": "2025-05-09T19:25:52.837097", "level": "INFO", "logger": "apps.core.recipes", "message": "Recipe viewed: recipe_id=2, title='Vegetarian Lentil Curry', user_id=66", "module": "recipe", "process": 29544, "thread": 2752}
{"timestamp": "2025-05-09T19:25:55.758720", "level": "INFO", "logger": "apps.core.recipes", "message": "Recipe viewed: recipe_id=6, title='Tiramisu', user_id=66", "module": "recipe", "process": 29544, "thread": 2752}
{"timestamp": "2025-05-09T19:26:00.844314", "level": "INFO", "logger": "apps.core.recipes", "message": "Recipe viewed: recipe_id=25, title='Baked Salmon', user_id=66", "module": "recipe", "process": 29544, "thread": 2752}
{"timestamp": "2025-05-09T19:26:12.151354", "level": "WARNING", "logger": "apps.core.recipes", "message": "Missing recipe ID in favorite add request: user_id=66", "module": "recipe", "process": 29544, "thread": 2752}
{"timestamp": "2025-05-09T19:26:17.716056", "level": "INFO", "logger": "apps.core.recipes", "message": "Recipe viewed: recipe_id=3, title='Banana Pancakes', user_id=66", "module": "recipe", "process": 29544, "thread": 2752}
{"timestamp": "2025-05-10T00:11:22.217134", "level": "INFO", "logger": "apps.users", "message": "Profile accessed: user_id=66", "module": "views", "process": 468, "thread": 31432}
{"timestamp": "2025-05-10T00:11:22.554979", "level": "INFO", "logger": "apps.core.allergens", "message": "Listing all allergens: user_id=66", "module": "allergen", "process": 468, "thread": 31432}
{"timestamp": "2025-05-10T00:11:22.576454", "level": "INFO", "logger": "apps.core.allergens", "message": "Retrieved unknown allergens, user_id=66, time=0.02s", "module": "allergen", "process": 468, "thread": 31432}
{"timestamp": "2025-05-10T00:11:22.833029", "level": "INFO", "logger": "apps.core.equipment", "message": "Listing all equipment: user_id=66", "module": "equipment", "process": 468, "thread": 31432}
{"timestamp": "2025-05-10T00:11:22.847800", "level": "INFO", "logger": "apps.core.equipment", "message": "Retrieved unknown equipment items, user_id=66, time=0.01s", "module": "equipment", "process": 468, "thread": 31432}
{"timestamp": "2025-05-10T00:11:23.097772", "level": "INFO", "logger": "apps.users", "message": "Profile accessed: user_id=66", "module": "views", "process": 468, "thread": 31432}
{"timestamp": "2025-05-10T00:11:23.271389", "level": "INFO", "logger": "apps.core.allergens", "message": "Listing all allergens: user_id=66", "module": "allergen", "process": 468, "thread": 31432}
{"timestamp": "2025-05-10T00:11:23.279695", "level": "INFO", "logger": "apps.core.allergens", "message": "Retrieved unknown allergens, user_id=66, time=0.01s", "module": "allergen", "process": 468, "thread": 31432}
{"timestamp": "2025-05-10T00:11:23.450569", "level": "INFO", "logger": "apps.core.equipment", "message": "Listing all equipment: user_id=66", "module": "equipment", "process": 468, "thread": 31432}
{"timestamp": "2025-05-10T00:11:23.463159", "level": "INFO", "logger": "apps.core.equipment", "message": "Retrieved unknown equipment items, user_id=66, time=0.01s", "module": "equipment", "process": 468, "thread": 31432}
{"timestamp": "2025-05-10T00:11:23.613024", "level": "INFO", "logger": "apps.core.allergens", "message": "Listing user allergens: user_id=66", "module": "allergen", "process": 468, "thread": 31432}
{"timestamp": "2025-05-10T00:11:23.637308", "level": "INFO", "logger": "apps.core.allergens", "message": "Retrieved 3 user allergens, user_id=66, time=0.02s", "module": "allergen", "process": 468, "thread": 31432}
{"timestamp": "2025-05-10T00:11:49.568624", "level": "INFO", "logger": "apps.users", "message": "Profile accessed: user_id=66", "module": "views", "process": 468, "thread": 3020}
{"timestamp": "2025-05-10T00:11:49.700905", "level": "INFO", "logger": "apps.core.allergens", "message": "Listing all allergens: user_id=66", "module": "allergen", "process": 468, "thread": 3020}
{"timestamp": "2025-05-10T00:11:49.704916", "level": "INFO", "logger": "apps.core.allergens", "message": "Retrieved unknown allergens, user_id=66, time=0.00s", "module": "allergen", "process": 468, "thread": 3020}
{"timestamp": "2025-05-10T00:11:49.822741", "level": "INFO", "logger": "apps.core.equipment", "message": "Listing all equipment: user_id=66", "module": "equipment", "process": 468, "thread": 3020}
{"timestamp": "2025-05-10T00:11:49.828648", "level": "INFO", "logger": "apps.core.equipment", "message": "Retrieved unknown equipment items, user_id=66, time=0.01s", "module": "equipment", "process": 468, "thread": 3020}
{"timestamp": "2025-05-10T00:11:49.953432", "level": "INFO", "logger": "apps.users", "message": "Profile accessed: user_id=66", "module": "views", "process": 468, "thread": 3020}
{"timestamp": "2025-05-10T00:11:50.070887", "level": "INFO", "logger": "apps.core.allergens", "message": "Listing all allergens: user_id=66", "module": "allergen", "process": 468, "thread": 3020}
{"timestamp": "2025-05-10T00:11:50.075407", "level": "INFO", "logger": "apps.core.allergens", "message": "Retrieved unknown allergens, user_id=66, time=0.00s", "module": "allergen", "process": 468, "thread": 3020}
{"timestamp": "2025-05-10T00:11:50.196359", "level": "INFO", "logger": "apps.core.equipment", "message": "Listing all equipment: user_id=66", "module": "equipment", "process": 468, "thread": 3020}
{"timestamp": "2025-05-10T00:11:50.201356", "level": "INFO", "logger": "apps.core.equipment", "message": "Retrieved unknown equipment items, user_id=66, time=0.00s", "module": "equipment", "process": 468, "thread": 3020}
{"timestamp": "2025-05-10T00:11:50.318050", "level": "INFO", "logger": "apps.core.allergens", "message": "Listing user allergens: user_id=66", "module": "allergen", "process": 468, "thread": 3020}
{"timestamp": "2025-05-10T00:11:50.331095", "level": "INFO", "logger": "apps.core.allergens", "message": "Retrieved 3 user allergens, user_id=66, time=0.01s", "module": "allergen", "process": 468, "thread": 3020}
{"timestamp": "2025-05-10T00:12:49.586576", "level": "WARNING", "logger": "apps.core.recipes", "message": "Missing recipe ID in favorite add request: user_id=66", "module": "recipe", "process": 468, "thread": 27084}
{"timestamp": "2025-05-10T00:13:56.906667", "level": "INFO", "logger": "apps.users", "message": "Profile update attempt: user_id=66", "module": "views", "process": 468, "thread": 29492}
{"timestamp": "2025-05-10T00:13:57.080719", "level": "INFO", "logger": "apps.users", "message": "Profile updated successfully: user_id=66, time=0.17s", "module": "views", "process": 468, "thread": 29492}
{"timestamp": "2025-05-10T00:13:57.236607", "level": "INFO", "logger": "apps.core", "message": "Starting user allergens update for user ID: 66", "module": "allergen", "process": 468, "thread": 29492}
{"timestamp": "2025-05-10T00:13:57.237619", "level": "INFO", "logger": "apps.core", "message": "Request data: {'allergen_ids': [8, 9, 10]}", "module": "allergen", "process": 468, "thread": 29492}
{"timestamp": "2025-05-10T00:13:57.238676", "level": "INFO", "logger": "apps.core", "message": "Allergen IDs to update: [8, 9, 10]", "module": "allergen", "process": 468, "thread": 29492}
{"timestamp": "2025-05-10T00:13:57.256579", "level": "INFO", "logger": "apps.core", "message": "Deleted (3, {'core.M2MUsrAlg': 3}) existing allergen records", "module": "allergen", "process": 468, "thread": 29492}
{"timestamp": "2025-05-10T00:13:57.275103", "level": "INFO", "logger": "apps.core", "message": "Created allergen mapping: user 66 - allergen 8", "module": "allergen", "process": 468, "thread": 29492}
{"timestamp": "2025-05-10T00:13:57.286292", "level": "INFO", "logger": "apps.core", "message": "Created allergen mapping: user 66 - allergen 9", "module": "allergen", "process": 468, "thread": 29492}
{"timestamp": "2025-05-10T00:13:57.298079", "level": "INFO", "logger": "apps.core", "message": "Created allergen mapping: user 66 - allergen 10", "module": "allergen", "process": 468, "thread": 29492}
{"timestamp": "2025-05-10T00:13:57.299078", "level": "INFO", "logger": "apps.core", "message": "Successfully updated allergens for user 66: [8, 9, 10]", "module": "allergen", "process": 468, "thread": 29492}
{"timestamp": "2025-05-10T00:13:57.571028", "level": "INFO", "logger": "apps.core", "message": "Starting user equipment update for user ID: 66", "module": "equipment", "process": 468, "thread": 29492}
{"timestamp": "2025-05-10T00:13:57.572558", "level": "INFO", "logger": "apps.core", "message": "Request data: {'equipment_ids': [1, 2]}", "module": "equipment", "process": 468, "thread": 29492}
{"timestamp": "2025-05-10T00:13:57.573581", "level": "INFO", "logger": "apps.core", "message": "Equipment IDs to update: [1, 2]", "module": "equipment", "process": 468, "thread": 29492}
{"timestamp": "2025-05-10T00:13:57.590422", "level": "INFO", "logger": "apps.core", "message": "Deleted (2, {'core.M2MUsrEqp': 2}) existing equipment records", "module": "equipment", "process": 468, "thread": 29492}
{"timestamp": "2025-05-10T00:13:57.604679", "level": "INFO", "logger": "apps.core", "message": "Created equipment mapping: user 66 - equipment 1", "module": "equipment", "process": 468, "thread": 29492}
{"timestamp": "2025-05-10T00:13:57.613315", "level": "INFO", "logger": "apps.core", "message": "Created equipment mapping: user 66 - equipment 2", "module": "equipment", "process": 468, "thread": 29492}
{"timestamp": "2025-05-10T00:13:57.614827", "level": "INFO", "logger": "apps.core", "message": "Successfully updated equipment for user 66: [1, 2]", "module": "equipment", "process": 468, "thread": 29492}
{"timestamp": "2025-05-10T00:14:04.630804", "level": "INFO", "logger": "apps.users", "message": "Profile accessed: user_id=66", "module": "views", "process": 468, "thread": 29492}
{"timestamp": "2025-05-10T00:14:04.780942", "level": "INFO", "logger": "apps.core.allergens", "message": "Listing user allergens: user_id=66", "module": "allergen", "process": 468, "thread": 29492}
{"timestamp": "2025-05-10T00:14:04.791647", "level": "INFO", "logger": "apps.core.allergens", "message": "Retrieved 3 user allergens, user_id=66, time=0.01s", "module": "allergen", "process": 468, "thread": 29492}
{"timestamp": "2025-05-10T00:14:04.901078", "level": "INFO", "logger": "apps.core.equipment", "message": "Listing user equipment: user_id=66", "module": "equipment", "process": 468, "thread": 29492}
{"timestamp": "2025-05-10T00:14:04.915634", "level": "INFO", "logger": "apps.core.equipment", "message": "Retrieved 2 user equipment items, user_id=66, time=0.01s", "module": "equipment", "process": 468, "thread": 29492}
{"timestamp": "2025-05-10T00:31:30.845690", "level": "INFO", "logger": "apps.users", "message": "Profile accessed: user_id=66", "module": "views", "process": 468, "thread": 19864}
{"timestamp": "2025-05-10T00:31:31.119203", "level": "INFO", "logger": "apps.core.allergens", "message": "Listing all allergens: user_id=66", "module": "allergen", "process": 468, "thread": 19864}
{"timestamp": "2025-05-10T00:31:31.128807", "level": "INFO", "logger": "apps.core.allergens", "message": "Retrieved unknown allergens, user_id=66, time=0.01s", "module": "allergen", "process": 468, "thread": 19864}
{"timestamp": "2025-05-10T00:31:31.329293", "level": "INFO", "logger": "apps.core.equipment", "message": "Listing all equipment: user_id=66", "module": "equipment", "process": 468, "thread": 19864}
{"timestamp": "2025-05-10T00:31:31.342435", "level": "INFO", "logger": "apps.core.equipment", "message": "Retrieved unknown equipment items, user_id=66, time=0.01s", "module": "equipment", "process": 468, "thread": 19864}
{"timestamp": "2025-05-10T00:31:31.557842", "level": "INFO", "logger": "apps.users", "message": "Profile accessed: user_id=66", "module": "views", "process": 468, "thread": 19864}
{"timestamp": "2025-05-10T00:31:31.680394", "level": "INFO", "logger": "apps.core.allergens", "message": "Listing all allergens: user_id=66", "module": "allergen", "process": 468, "thread": 19864}
{"timestamp": "2025-05-10T00:31:31.687612", "level": "INFO", "logger": "apps.core.allergens", "message": "Retrieved unknown allergens, user_id=66, time=0.01s", "module": "allergen", "process": 468, "thread": 19864}
{"timestamp": "2025-05-10T00:31:32.453273", "level": "INFO", "logger": "apps.core.equipment", "message": "Listing all equipment: user_id=66", "module": "equipment", "process": 468, "thread": 19864}
{"timestamp": "2025-05-10T00:31:32.460219", "level": "INFO", "logger": "apps.core.equipment", "message": "Retrieved unknown equipment items, user_id=66, time=0.01s", "module": "equipment", "process": 468, "thread": 19864}
{"timestamp": "2025-05-10T00:31:32.569068", "level": "INFO", "logger": "apps.core.allergens", "message": "Listing user allergens: user_id=66", "module": "allergen", "process": 468, "thread": 19864}
{"timestamp": "2025-05-10T00:31:32.596495", "level": "INFO", "logger": "apps.core.allergens", "message": "Retrieved 3 user allergens, user_id=66, time=0.03s", "module": "allergen", "process": 468, "thread": 19864}
{"timestamp": "2025-05-10T00:31:53.597635", "level": "INFO", "logger": "apps.core.recipes", "message": "Listing recipes: user_id=66, params=<QueryDict: {'limit': ['100']}>", "module": "recipe", "process": 468, "thread": 5136}
{"timestamp": "2025-05-10T00:31:54.424724", "level": "INFO", "logger": "apps.core.recipes", "message": "Listing recipes: user_id=66, params=<QueryDict: {'limit': ['100']}>", "module": "recipe", "process": 468, "thread": 5136}
{"timestamp": "2025-05-10T00:33:04.907434", "level": "WARNING", "logger": "apps.core.recipes", "message": "Missing recipe ID in favorite add request: user_id=66", "module": "recipe", "process": 468, "thread": 24520}
{"timestamp": "2025-05-10T01:28:01.117166", "level": "INFO", "logger": "apps.core.recipes", "message": "Recipe viewed: recipe_id=53, title='Croissants', user_id=66", "module": "recipe", "process": 468, "thread": 29260}
{"timestamp": "2025-05-10T01:28:06.949521", "level": "INFO", "logger": "apps.core.recipes", "message": "Recipe viewed: recipe_id=10, title='Chocolate Mousse', user_id=66", "module": "recipe", "process": 468, "thread": 29260}
{"timestamp": "2025-05-10T01:28:17.426853", "level": "INFO", "logger": "apps.core.recipes", "message": "Recipe viewed: recipe_id=4, title='Greek Salad', user_id=66", "module": "recipe", "process": 468, "thread": 29260}
{"timestamp": "2025-05-10T01:28:26.455041", "level": "INFO", "logger": "apps.core.recipes", "message": "Recipe viewed: recipe_id=8, title='Vegetable Soup', user_id=66", "module": "recipe", "process": 468, "thread": 29260}
{"timestamp": "2025-05-10T01:28:34.109315", "level": "INFO", "logger": "apps.core.recipes", "message": "Recipe viewed: recipe_id=46, title='Duck Confit', user_id=66", "module": "recipe", "process": 468, "thread": 29260}
{"timestamp": "2025-05-10T01:28:40.239129", "level": "INFO", "logger": "apps.users", "message": "Profile accessed: user_id=66", "module": "views", "process": 468, "thread": 30648}
{"timestamp": "2025-05-10T01:28:40.347466", "level": "INFO", "logger": "apps.core.allergens", "message": "Listing all allergens: user_id=66", "module": "allergen", "process": 468, "thread": 30648}
{"timestamp": "2025-05-10T01:28:40.354040", "level": "INFO", "logger": "apps.core.allergens", "message": "Retrieved unknown allergens, user_id=66, time=0.01s", "module": "allergen", "process": 468, "thread": 30648}
{"timestamp": "2025-05-10T01:28:40.469122", "level": "INFO", "logger": "apps.core.equipment", "message": "Listing all equipment: user_id=66", "module": "equipment", "process": 468, "thread": 30648}
{"timestamp": "2025-05-10T01:28:40.480304", "level": "INFO", "logger": "apps.core.equipment", "message": "Retrieved unknown equipment items, user_id=66, time=0.01s", "module": "equipment", "process": 468, "thread": 30648}
{"timestamp": "2025-05-10T01:28:40.607094", "level": "INFO", "logger": "apps.users", "message": "Profile accessed: user_id=66", "module": "views", "process": 468, "thread": 30648}
{"timestamp": "2025-05-10T01:28:40.725577", "level": "INFO", "logger": "apps.core.allergens", "message": "Listing all allergens: user_id=66", "module": "allergen", "process": 468, "thread": 30648}
{"timestamp": "2025-05-10T01:28:40.731120", "level": "INFO", "logger": "apps.core.allergens", "message": "Retrieved unknown allergens, user_id=66, time=0.00s", "module": "allergen", "process": 468, "thread": 30648}
{"timestamp": "2025-05-10T01:28:40.919696", "level": "INFO", "logger": "apps.core.equipment", "message": "Listing all equipment: user_id=66", "module": "equipment", "process": 468, "thread": 30648}
{"timestamp": "2025-05-10T01:28:40.928608", "level": "INFO", "logger": "apps.core.equipment", "message": "Retrieved unknown equipment items, user_id=66, time=0.01s", "module": "equipment", "process": 468, "thread": 30648}
{"timestamp": "2025-05-10T01:28:41.392165", "level": "INFO", "logger": "apps.core.allergens", "message": "Listing user allergens: user_id=66", "module": "allergen", "process": 468, "thread": 30648}
{"timestamp": "2025-05-10T01:28:41.409886", "level": "INFO", "logger": "apps.core.allergens", "message": "Retrieved 3 user allergens, user_id=66, time=0.02s", "module": "allergen", "process": 468, "thread": 30648}
{"timestamp": "2025-05-10T01:28:52.264396", "level": "INFO", "logger": "apps.core.recipes", "message": "Recipe viewed: recipe_id=11, title='Salmon Teriyaki', user_id=66", "module": "recipe", "process": 468, "thread": 30648}
{"timestamp": "2025-05-10T01:28:54.442168", "level": "INFO", "logger": "apps.core.recipes", "message": "Recipe viewed: recipe_id=12, title='Ratatouille', user_id=66", "module": "recipe", "process": 468, "thread": 30648}
{"timestamp": "2025-05-10T01:28:56.985549", "level": "INFO", "logger": "apps.core.recipes", "message": "Recipe viewed: recipe_id=13, title='Caesar Salad', user_id=66", "module": "recipe", "process": 468, "thread": 30648}
{"timestamp": "2025-05-10T01:29:02.112930", "level": "INFO", "logger": "apps.core.recipes", "message": "Recipe viewed: recipe_id=14, title='Beef Bourguignon', user_id=66", "module": "recipe", "process": 468, "thread": 30648}
{"timestamp": "2025-05-10T01:29:34.603339", "level": "INFO", "logger": "apps.users", "message": "Profile update attempt: user_id=66", "module": "views", "process": 468, "thread": 25528}
{"timestamp": "2025-05-10T01:29:34.658501", "level": "INFO", "logger": "apps.users", "message": "Profile updated successfully: user_id=66, time=0.06s", "module": "views", "process": 468, "thread": 25528}
{"timestamp": "2025-05-10T01:29:34.756699", "level": "INFO", "logger": "apps.core", "message": "Starting user allergens update for user ID: 66", "module": "allergen", "process": 468, "thread": 25528}
{"timestamp": "2025-05-10T01:29:34.758707", "level": "INFO", "logger": "apps.core", "message": "Request data: {'allergen_ids': [8, 9, 10]}", "module": "allergen", "process": 468, "thread": 25528}
{"timestamp": "2025-05-10T01:29:34.759701", "level": "INFO", "logger": "apps.core", "message": "Allergen IDs to update: [8, 9, 10]", "module": "allergen", "process": 468, "thread": 25528}
{"timestamp": "2025-05-10T01:29:34.772441", "level": "INFO", "logger": "apps.core", "message": "Deleted (3, {'core.M2MUsrAlg': 3}) existing allergen records", "module": "allergen", "process": 468, "thread": 25528}
{"timestamp": "2025-05-10T01:29:34.781402", "level": "INFO", "logger": "apps.core", "message": "Created allergen mapping: user 66 - allergen 8", "module": "allergen", "process": 468, "thread": 25528}
{"timestamp": "2025-05-10T01:29:34.795231", "level": "INFO", "logger": "apps.core", "message": "Created allergen mapping: user 66 - allergen 9", "module": "allergen", "process": 468, "thread": 25528}
{"timestamp": "2025-05-10T01:29:34.803130", "level": "INFO", "logger": "apps.core", "message": "Created allergen mapping: user 66 - allergen 10", "module": "allergen", "process": 468, "thread": 25528}
{"timestamp": "2025-05-10T01:29:34.804129", "level": "INFO", "logger": "apps.core", "message": "Successfully updated allergens for user 66: [8, 9, 10]", "module": "allergen", "process": 468, "thread": 25528}
{"timestamp": "2025-05-10T01:29:34.946607", "level": "INFO", "logger": "apps.core", "message": "Starting user equipment update for user ID: 66", "module": "equipment", "process": 468, "thread": 25528}
{"timestamp": "2025-05-10T01:29:34.947794", "level": "INFO", "logger": "apps.core", "message": "Request data: {'equipment_ids': [3, 4]}", "module": "equipment", "process": 468, "thread": 25528}
{"timestamp": "2025-05-10T01:29:34.948346", "level": "INFO", "logger": "apps.core", "message": "Equipment IDs to update: [3, 4]", "module": "equipment", "process": 468, "thread": 25528}
{"timestamp": "2025-05-10T01:29:34.960624", "level": "INFO", "logger": "apps.core", "message": "Deleted (2, {'core.M2MUsrEqp': 2}) existing equipment records", "module": "equipment", "process": 468, "thread": 25528}
{"timestamp": "2025-05-10T01:29:34.976641", "level": "INFO", "logger": "apps.core", "message": "Created equipment mapping: user 66 - equipment 3", "module": "equipment", "process": 468, "thread": 25528}
{"timestamp": "2025-05-10T01:29:34.983791", "level": "INFO", "logger": "apps.core", "message": "Created equipment mapping: user 66 - equipment 4", "module": "equipment", "process": 468, "thread": 25528}
{"timestamp": "2025-05-10T01:29:34.985315", "level": "INFO", "logger": "apps.core", "message": "Successfully updated equipment for user 66: [3, 4]", "module": "equipment", "process": 468, "thread": 25528}
{"timestamp": "2025-05-10T01:29:47.396285", "level": "INFO", "logger": "apps.users", "message": "Profile accessed: user_id=66", "module": "views", "process": 468, "thread": 25528}
{"timestamp": "2025-05-10T01:29:47.484488", "level": "INFO", "logger": "apps.core.allergens", "message": "Listing user allergens: user_id=66", "module": "allergen", "process": 468, "thread": 25528}
{"timestamp": "2025-05-10T01:29:47.495756", "level": "INFO", "logger": "apps.core.allergens", "message": "Retrieved 3 user allergens, user_id=66, time=0.01s", "module": "allergen", "process": 468, "thread": 25528}
{"timestamp": "2025-05-10T01:29:47.632620", "level": "INFO", "logger": "apps.core.equipment", "message": "Listing user equipment: user_id=66", "module": "equipment", "process": 468, "thread": 25528}
{"timestamp": "2025-05-10T01:29:47.643201", "level": "INFO", "logger": "apps.core.equipment", "message": "Retrieved 2 user equipment items, user_id=66, time=0.01s", "module": "equipment", "process": 468, "thread": 25528}
{"timestamp": "2025-05-10T01:31:42.510179", "level": "INFO", "logger": "apps.users", "message": "Registration attempt: email=test_6fz0cof4@example.com", "module": "views", "process": 468, "thread": 27392}
{"timestamp": "2025-05-10T01:31:42.994472", "level": "INFO", "logger": "apps.users", "message": "User registered successfully: user_id=112, email=test_6fz0cof4@example.com, time=0.48s", "module": "views", "process": 468, "thread": 27392}
{"timestamp": "2025-05-10T01:31:43.098515", "level": "INFO", "logger": "apps.users", "message": "Login attempt: email=test_6fz0cof4@example.com", "module": "views", "process": 468, "thread": 29304}
{"timestamp": "2025-05-10T01:31:43.506037", "level": "INFO", "logger": "apps.users", "message": "User login successful: user_id=112, email=test_6fz0cof4@example.com, time=0.41s", "module": "views", "process": 468, "thread": 29304}
{"timestamp": "2025-05-10T01:31:43.699817", "level": "INFO", "logger": "apps.users", "message": "Profile accessed: user_id=112", "module": "views", "process": 468, "thread": 25180}
{"timestamp": "2025-05-10T01:31:43.760518", "level": "INFO", "logger": "apps.core.refrigerator", "message": "Listing refrigerator ingredients: user_id=112", "module": "ingredient", "process": 468, "thread": 17300}
{"timestamp": "2025-05-10T01:31:43.786765", "level": "INFO", "logger": "apps.core.refrigerator", "message": "Retrieved unknown refrigerator ingredients for user_id=112, time=0.03s", "module": "ingredient", "process": 468, "thread": 17300}
{"timestamp": "2025-05-10T01:31:43.947815", "level": "INFO", "logger": "apps.core.allergens", "message": "Listing all allergens: user_id=112", "module": "allergen", "process": 468, "thread": 29372}
{"timestamp": "2025-05-10T01:31:43.951530", "level": "INFO", "logger": "apps.core.allergens", "message": "Retrieved unknown allergens, user_id=112, time=0.00s", "module": "allergen", "process": 468, "thread": 29372}
{"timestamp": "2025-05-10T01:31:44.025598", "level": "INFO", "logger": "apps.core.equipment", "message": "Listing all equipment: user_id=112", "module": "equipment", "process": 468, "thread": 17072}
{"timestamp": "2025-05-10T01:31:44.031081", "level": "INFO", "logger": "apps.core.equipment", "message": "Retrieved unknown equipment items, user_id=112, time=0.01s", "module": "equipment", "process": 468, "thread": 17072}
{"timestamp": "2025-05-10T01:31:44.262671", "level": "INFO", "logger": "apps.users", "message": "Logout attempt: user_id=112", "module": "views", "process": 468, "thread": 27944}
{"timestamp": "2025-05-10T01:31:44.270574", "level": "INFO", "logger": "apps.users", "message": "User logged out successfully: user_id=112", "module": "views", "process": 468, "thread": 27944}
{"timestamp": "2025-05-10T01:32:06.247251", "level": "INFO", "logger": "apps.users", "message": "Login attempt: email=w0rkma1lmoc@gmail.com", "module": "views", "process": 468, "thread": 21692}
{"timestamp": "2025-05-10T01:32:06.784265", "level": "INFO", "logger": "apps.users", "message": "User login successful: user_id=66, email=w0rkma1lmoc@gmail.com, time=0.54s", "module": "views", "process": 468, "thread": 21692}
{"timestamp": "2025-05-10T01:32:07.040321", "level": "INFO", "logger": "apps.users", "message": "Profile accessed: user_id=66", "module": "views", "process": 468, "thread": 21692}
{"timestamp": "2025-05-10T01:32:07.200208", "level": "INFO", "logger": "apps.core.allergens", "message": "Listing all allergens: user_id=66", "module": "allergen", "process": 468, "thread": 21692}
{"timestamp": "2025-05-10T01:32:07.205747", "level": "INFO", "logger": "apps.core.allergens", "message": "Retrieved unknown allergens, user_id=66, time=0.01s", "module": "allergen", "process": 468, "thread": 21692}
{"timestamp": "2025-05-10T01:32:07.302201", "level": "INFO", "logger": "apps.core.equipment", "message": "Listing all equipment: user_id=66", "module": "equipment", "process": 468, "thread": 21692}
{"timestamp": "2025-05-10T01:32:07.308244", "level": "INFO", "logger": "apps.core.equipment", "message": "Retrieved unknown equipment items, user_id=66, time=0.01s", "module": "equipment", "process": 468, "thread": 21692}
{"timestamp": "2025-05-10T01:32:07.421114", "level": "INFO", "logger": "apps.core.recipes", "message": "Listing recipes: user_id=66, params=<QueryDict: {'limit': ['100']}>", "module": "recipe", "process": 468, "thread": 21692}
{"timestamp": "2025-05-10T01:32:08.057656", "level": "INFO", "logger": "apps.core.allergens", "message": "Listing all allergens: user_id=66", "module": "allergen", "process": 468, "thread": 21692}
{"timestamp": "2025-05-10T01:32:08.062338", "level": "INFO", "logger": "apps.core.allergens", "message": "Retrieved unknown allergens, user_id=66, time=0.00s", "module": "allergen", "process": 468, "thread": 21692}
{"timestamp": "2025-05-10T01:32:08.212461", "level": "INFO", "logger": "apps.core.equipment", "message": "Listing all equipment: user_id=66", "module": "equipment", "process": 468, "thread": 21692}
{"timestamp": "2025-05-10T01:32:08.217662", "level": "INFO", "logger": "apps.core.equipment", "message": "Retrieved unknown equipment items, user_id=66, time=0.01s", "module": "equipment", "process": 468, "thread": 21692}
{"timestamp": "2025-05-10T01:32:08.318317", "level": "INFO", "logger": "apps.core.allergens", "message": "Listing user allergens: user_id=66", "module": "allergen", "process": 468, "thread": 21692}
{"timestamp": "2025-05-10T01:32:08.332607", "level": "INFO", "logger": "apps.core.allergens", "message": "Retrieved 3 user allergens, user_id=66, time=0.01s", "module": "allergen", "process": 468, "thread": 21692}
{"timestamp": "2025-05-10T01:32:39.505898", "level": "INFO", "logger": "apps.core.recipes", "message": "Recipe viewed: recipe_id=12, title='Ratatouille', user_id=66", "module": "recipe", "process": 468, "thread": 22496}
{"timestamp": "2025-05-10T01:33:23.399873", "level": "INFO", "logger": "apps.core.recipes", "message": "Recipe viewed: recipe_id=13, title='Caesar Salad', user_id=66", "module": "recipe", "process": 468, "thread": 28980}
{"timestamp": "2025-05-10T02:09:32.856588", "level": "INFO", "logger": "apps.users", "message": "Profile accessed: user_id=66", "module": "views", "process": 22692, "thread": 18652}
{"timestamp": "2025-05-10T02:09:33.578329", "level": "INFO", "logger": "apps.users", "message": "Profile accessed: user_id=66", "module": "views", "process": 22692, "thread": 18652}
{"timestamp": "2025-05-10T02:09:33.739696", "level": "INFO", "logger": "apps.core.allergens", "message": "Listing all allergens: user_id=66", "module": "allergen", "process": 22692, "thread": 18652}
{"timestamp": "2025-05-10T02:09:33.807258", "level": "INFO", "logger": "apps.core.allergens", "message": "Retrieved unknown allergens, user_id=66, time=0.07s", "module": "allergen", "process": 22692, "thread": 18652}
{"timestamp": "2025-05-10T02:09:33.949465", "level": "INFO", "logger": "apps.core.equipment", "message": "Listing all equipment: user_id=66", "module": "equipment", "process": 22692, "thread": 18652}
{"timestamp": "2025-05-10T02:09:33.978075", "level": "INFO", "logger": "apps.core.equipment", "message": "Retrieved unknown equipment items, user_id=66, time=0.03s", "module": "equipment", "process": 22692, "thread": 18652}
{"timestamp": "2025-05-10T02:09:34.101800", "level": "INFO", "logger": "apps.core.allergens", "message": "Listing user allergens: user_id=66", "module": "allergen", "process": 22692, "thread": 18652}
{"timestamp": "2025-05-10T02:09:34.171548", "level": "INFO", "logger": "apps.core.allergens", "message": "Retrieved 3 user allergens, user_id=66, time=0.07s", "module": "allergen", "process": 22692, "thread": 18652}
{"timestamp": "2025-05-10T02:10:05.785372", "level": "INFO", "logger": "apps.core.recipes", "message": "Recipe viewed: recipe_id=7, title='Chicken Stir-Fry', user_id=66", "module": "recipe", "process": 22692, "thread": 29392}
{"timestamp": "2025-05-10T02:10:34.395870", "level": "INFO", "logger": "apps.core.recipes", "message": "Recipe viewed: recipe_id=28, title='Pesto Pasta', user_id=66", "module": "recipe", "process": 22692, "thread": 29656}
{"timestamp": "2025-05-10T02:11:07.624307", "level": "INFO", "logger": "apps.core.recipes", "message": "Recipe viewed: recipe_id=14, title='Beef Bourguignon', user_id=66", "module": "recipe", "process": 22692, "thread": 22192}
{"timestamp": "2025-05-10T02:11:10.022882", "level": "INFO", "logger": "apps.core.recipes", "message": "Recipe viewed: recipe_id=15, title='Apple Pie', user_id=66", "module": "recipe", "process": 22692, "thread": 22192}
{"timestamp": "2025-05-10T02:11:19.299208", "level": "INFO", "logger": "apps.core.recipes", "message": "Recipe viewed: recipe_id=17, title='Caprese Salad', user_id=66", "module": "recipe", "process": 22692, "thread": 22192}
{"timestamp": "2025-05-10T02:11:21.734903", "level": "INFO", "logger": "apps.core.recipes", "message": "Recipe viewed: recipe_id=19, title='Guacamole', user_id=66", "module": "recipe", "process": 22692, "thread": 22192}
{"timestamp": "2025-05-10T02:11:28.055685", "level": "INFO", "logger": "apps.core.recipes", "message": "Recipe viewed: recipe_id=22, title='Cheesecake', user_id=66", "module": "recipe", "process": 22692, "thread": 22192}
{"timestamp": "2025-05-10T02:14:43.259861", "level": "INFO", "logger": "apps.users", "message": "Registration attempt: email=test_zmgssv2g@example.com", "module": "views", "process": 22692, "thread": 31412}
{"timestamp": "2025-05-10T02:14:44.035819", "level": "INFO", "logger": "apps.users", "message": "User registered successfully: user_id=113, email=test_zmgssv2g@example.com, time=0.78s", "module": "views", "process": 22692, "thread": 31412}
{"timestamp": "2025-05-10T02:14:44.134246", "level": "INFO", "logger": "apps.users", "message": "Login attempt: email=test_zmgssv2g@example.com", "module": "views", "process": 22692, "thread": 13332}
{"timestamp": "2025-05-10T02:14:44.637815", "level": "INFO", "logger": "apps.users", "message": "User login successful: user_id=113, email=test_zmgssv2g@example.com, time=0.50s", "module": "views", "process": 22692, "thread": 13332}
{"timestamp": "2025-05-10T02:14:44.734411", "level": "INFO", "logger": "apps.users", "message": "Profile accessed: user_id=113", "module": "views", "process": 22692, "thread": 19584}
{"timestamp": "2025-05-10T02:14:44.873156", "level": "INFO", "logger": "apps.core.refrigerator", "message": "Listing refrigerator ingredients: user_id=113", "module": "ingredient", "process": 22692, "thread": 3068}
{"timestamp": "2025-05-10T02:14:44.881166", "level": "INFO", "logger": "apps.core.refrigerator", "message": "Retrieved unknown refrigerator ingredients for user_id=113, time=0.01s", "module": "ingredient", "process": 22692, "thread": 3068}
{"timestamp": "2025-05-10T02:14:45.060793", "level": "INFO", "logger": "apps.core.allergens", "message": "Listing all allergens: user_id=113", "module": "allergen", "process": 22692, "thread": 8012}
{"timestamp": "2025-05-10T02:14:45.064877", "level": "INFO", "logger": "apps.core.allergens", "message": "Retrieved unknown allergens, user_id=113, time=0.00s", "module": "allergen", "process": 22692, "thread": 8012}
{"timestamp": "2025-05-10T02:14:45.154454", "level": "INFO", "logger": "apps.core.equipment", "message": "Listing all equipment: user_id=113", "module": "equipment", "process": 22692, "thread": 17704}
{"timestamp": "2025-05-10T02:14:45.160496", "level": "INFO", "logger": "apps.core.equipment", "message": "Retrieved unknown equipment items, user_id=113, time=0.01s", "module": "equipment", "process": 22692, "thread": 17704}
{"timestamp": "2025-05-10T02:14:45.264950", "level": "INFO", "logger": "apps.users", "message": "Logout attempt: user_id=113", "module": "views", "process": 22692, "thread": 29028}
{"timestamp": "2025-05-10T02:14:45.275512", "level": "INFO", "logger": "apps.users", "message": "User logged out successfully: user_id=113", "module": "views", "process": 22692, "thread": 29028}
{"timestamp": "2025-05-10T02:14:57.799354", "level": "INFO", "logger": "apps.users", "message": "Login attempt: email=w0rkma1lmoc@gmail.com", "module": "views", "process": 22692, "thread": 24476}
{"timestamp": "2025-05-10T02:14:58.449812", "level": "INFO", "logger": "apps.users", "message": "User login successful: user_id=66, email=w0rkma1lmoc@gmail.com, time=0.65s", "module": "views", "process": 22692, "thread": 24476}
{"timestamp": "2025-05-10T02:14:58.725110", "level": "INFO", "logger": "apps.users", "message": "Profile accessed: user_id=66", "module": "views", "process": 22692, "thread": 24476}
{"timestamp": "2025-05-10T02:14:58.973815", "level": "INFO", "logger": "apps.core.allergens", "message": "Listing all allergens: user_id=66", "module": "allergen", "process": 22692, "thread": 24476}
{"timestamp": "2025-05-10T02:14:58.979927", "level": "INFO", "logger": "apps.core.allergens", "message": "Retrieved unknown allergens, user_id=66, time=0.01s", "module": "allergen", "process": 22692, "thread": 24476}
{"timestamp": "2025-05-10T02:14:59.085744", "level": "INFO", "logger": "apps.core.equipment", "message": "Listing all equipment: user_id=66", "module": "equipment", "process": 22692, "thread": 24476}
{"timestamp": "2025-05-10T02:14:59.093435", "level": "INFO", "logger": "apps.core.equipment", "message": "Retrieved unknown equipment items, user_id=66, time=0.01s", "module": "equipment", "process": 22692, "thread": 24476}
{"timestamp": "2025-05-10T02:14:59.223694", "level": "INFO", "logger": "apps.core.recipes", "message": "Listing recipes: user_id=66, params=<QueryDict: {'limit': ['100']}>", "module": "recipe", "process": 22692, "thread": 24476}
{"timestamp": "2025-05-10T02:14:59.781594", "level": "INFO", "logger": "apps.core.allergens", "message": "Listing all allergens: user_id=66", "module": "allergen", "process": 22692, "thread": 24476}
{"timestamp": "2025-05-10T02:14:59.786136", "level": "INFO", "logger": "apps.core.allergens", "message": "Retrieved unknown allergens, user_id=66, time=0.00s", "module": "allergen", "process": 22692, "thread": 24476}
{"timestamp": "2025-05-10T02:14:59.871220", "level": "INFO", "logger": "apps.core.equipment", "message": "Listing all equipment: user_id=66", "module": "equipment", "process": 22692, "thread": 24476}
{"timestamp": "2025-05-10T02:14:59.879271", "level": "INFO", "logger": "apps.core.equipment", "message": "Retrieved unknown equipment items, user_id=66, time=0.01s", "module": "equipment", "process": 22692, "thread": 24476}
{"timestamp": "2025-05-10T02:14:59.986420", "level": "INFO", "logger": "apps.core.allergens", "message": "Listing user allergens: user_id=66", "module": "allergen", "process": 22692, "thread": 24476}
{"timestamp": "2025-05-10T02:15:00.001472", "level": "INFO", "logger": "apps.core.allergens", "message": "Retrieved 3 user allergens, user_id=66, time=0.02s", "module": "allergen", "process": 22692, "thread": 24476}
{"timestamp": "2025-05-10T02:15:13.135632", "level": "INFO", "logger": "apps.core.recipes", "message": "Recipe viewed: recipe_id=16, title='Shrimp Scampi', user_id=66", "module": "recipe", "process": 22692, "thread": 24476}
{"timestamp": "2025-05-10T02:15:22.332451", "level": "INFO", "logger": "apps.core.recipes", "message": "Recipe viewed: recipe_id=12, title='Ratatouille', user_id=66", "module": "recipe", "process": 22692, "thread": 24476}
{"timestamp": "2025-05-10T02:32:18.820145", "level": "INFO", "logger": "apps.users", "message": "Registration attempt: email=test_44svdm9h@example.com", "module": "views", "process": 22692, "thread": 24724}
{"timestamp": "2025-05-10T02:32:19.536922", "level": "INFO", "logger": "apps.users", "message": "User registered successfully: user_id=114, email=test_44svdm9h@example.com, time=0.72s", "module": "views", "process": 22692, "thread": 24724}
{"timestamp": "2025-05-10T02:32:46.161293", "level": "INFO", "logger": "apps.users", "message": "Registration attempt: email=test_lbfjcor2@example.com", "module": "views", "process": 22692, "thread": 9260}
{"timestamp": "2025-05-10T02:32:46.570525", "level": "INFO", "logger": "apps.users", "message": "User registered successfully: user_id=115, email=test_lbfjcor2@example.com, time=0.41s", "module": "views", "process": 22692, "thread": 9260}
{"timestamp": "2025-05-10T02:32:46.681146", "level": "INFO", "logger": "apps.users", "message": "Login attempt: email=test_lbfjcor2@example.com", "module": "views", "process": 22692, "thread": 21720}
{"timestamp": "2025-05-10T02:32:47.089012", "level": "INFO", "logger": "apps.users", "message": "User login successful: user_id=115, email=test_lbfjcor2@example.com, time=0.41s", "module": "views", "process": 22692, "thread": 21720}
{"timestamp": "2025-05-10T02:32:47.179615", "level": "INFO", "logger": "apps.users", "message": "Profile accessed: user_id=115", "module": "views", "process": 22692, "thread": 3848}
{"timestamp": "2025-05-10T02:32:47.266483", "level": "INFO", "logger": "apps.core.refrigerator", "message": "Listing refrigerator ingredients: user_id=115", "module": "ingredient", "process": 22692, "thread": 17592}
{"timestamp": "2025-05-10T02:32:47.272021", "level": "INFO", "logger": "apps.core.refrigerator", "message": "Retrieved unknown refrigerator ingredients for user_id=115, time=0.01s", "module": "ingredient", "process": 22692, "thread": 17592}
{"timestamp": "2025-05-10T02:32:47.560795", "level": "INFO", "logger": "apps.core.allergens", "message": "Listing all allergens: user_id=115", "module": "allergen", "process": 22692, "thread": 22024}
{"timestamp": "2025-05-10T02:32:47.563797", "level": "INFO", "logger": "apps.core.allergens", "message": "Retrieved unknown allergens, user_id=115, time=0.00s", "module": "allergen", "process": 22692, "thread": 22024}
{"timestamp": "2025-05-10T02:32:47.637642", "level": "INFO", "logger": "apps.core.equipment", "message": "Listing all equipment: user_id=115", "module": "equipment", "process": 22692, "thread": 26360}
{"timestamp": "2025-05-10T02:32:47.642654", "level": "INFO", "logger": "apps.core.equipment", "message": "Retrieved unknown equipment items, user_id=115, time=0.01s", "module": "equipment", "process": 22692, "thread": 26360}
{"timestamp": "2025-05-10T02:32:47.715978", "level": "INFO", "logger": "apps.users", "message": "Logout attempt: user_id=115", "module": "views", "process": 22692, "thread": 18876}
{"timestamp": "2025-05-10T02:32:47.722760", "level": "INFO", "logger": "apps.users", "message": "User logged out successfully: user_id=115", "module": "views", "process": 22692, "thread": 18876}
{"timestamp": "2025-05-10T02:33:11.052093", "level": "INFO", "logger": "apps.users", "message": "Registration attempt: email=test_uayetfq7@example.com", "module": "views", "process": 22692, "thread": 17120}
{"timestamp": "2025-05-10T02:33:11.522299", "level": "INFO", "logger": "apps.users", "message": "User registered successfully: user_id=116, email=test_uayetfq7@example.com, time=0.47s", "module": "views", "process": 22692, "thread": 17120}
{"timestamp": "2025-05-10T02:33:11.660663", "level": "INFO", "logger": "apps.users", "message": "Login attempt: email=test_uayetfq7@example.com", "module": "views", "process": 22692, "thread": 5708}
{"timestamp": "2025-05-10T02:33:12.160335", "level": "INFO", "logger": "apps.users", "message": "User login successful: user_id=116, email=test_uayetfq7@example.com, time=0.50s", "module": "views", "process": 22692, "thread": 5708}
{"timestamp": "2025-05-10T02:33:12.255201", "level": "INFO", "logger": "apps.users", "message": "Profile accessed: user_id=116", "module": "views", "process": 22692, "thread": 25156}
{"timestamp": "2025-05-10T02:33:12.350053", "level": "INFO", "logger": "apps.core.refrigerator", "message": "Listing refrigerator ingredients: user_id=116", "module": "ingredient", "process": 22692, "thread": 13516}
{"timestamp": "2025-05-10T02:33:12.353056", "level": "INFO", "logger": "apps.core.refrigerator", "message": "Retrieved unknown refrigerator ingredients for user_id=116, time=0.00s", "module": "ingredient", "process": 22692, "thread": 13516}
{"timestamp": "2025-05-10T02:33:12.502995", "level": "INFO", "logger": "apps.core.allergens", "message": "Listing all allergens: user_id=116", "module": "allergen", "process": 22692, "thread": 30648}
{"timestamp": "2025-05-10T02:33:12.506309", "level": "INFO", "logger": "apps.core.allergens", "message": "Retrieved unknown allergens, user_id=116, time=0.00s", "module": "allergen", "process": 22692, "thread": 30648}
{"timestamp": "2025-05-10T02:33:12.582027", "level": "INFO", "logger": "apps.core.equipment", "message": "Listing all equipment: user_id=116", "module": "equipment", "process": 22692, "thread": 27708}
{"timestamp": "2025-05-10T02:33:12.587548", "level": "INFO", "logger": "apps.core.equipment", "message": "Retrieved unknown equipment items, user_id=116, time=0.01s", "module": "equipment", "process": 22692, "thread": 27708}
{"timestamp": "2025-05-10T02:33:12.694771", "level": "INFO", "logger": "apps.users", "message": "Logout attempt: user_id=116", "module": "views", "process": 22692, "thread": 28384}
{"timestamp": "2025-05-10T02:33:12.699772", "level": "INFO", "logger": "apps.users", "message": "User logged out successfully: user_id=116", "module": "views", "process": 22692, "thread": 28384}
{"timestamp": "2025-05-10T02:33:25.189975", "level": "INFO", "logger": "apps.users", "message": "Login attempt: email=w0rkma1lmoc@gmail.com", "module": "views", "process": 22692, "thread": 16464}
{"timestamp": "2025-05-10T02:33:25.547855", "level": "INFO", "logger": "apps.users", "message": "User login successful: user_id=66, email=w0rkma1lmoc@gmail.com, time=0.36s", "module": "views", "process": 22692, "thread": 16464}
{"timestamp": "2025-05-10T02:33:25.754115", "level": "INFO", "logger": "apps.core.allergens", "message": "Listing all allergens: user_id=66", "module": "allergen", "process": 22692, "thread": 16464}
{"timestamp": "2025-05-10T02:33:25.758498", "level": "INFO", "logger": "apps.core.allergens", "message": "Retrieved unknown allergens, user_id=66, time=0.00s", "module": "allergen", "process": 22692, "thread": 16464}
{"timestamp": "2025-05-10T02:33:25.869653", "level": "INFO", "logger": "apps.core.equipment", "message": "Listing all equipment: user_id=66", "module": "equipment", "process": 22692, "thread": 16464}
{"timestamp": "2025-05-10T02:33:25.875167", "level": "INFO", "logger": "apps.core.equipment", "message": "Retrieved unknown equipment items, user_id=66, time=0.01s", "module": "equipment", "process": 22692, "thread": 16464}
{"timestamp": "2025-05-10T02:33:25.969972", "level": "INFO", "logger": "apps.core.allergens", "message": "Listing user allergens: user_id=66", "module": "allergen", "process": 22692, "thread": 16464}
{"timestamp": "2025-05-10T02:33:25.982503", "level": "INFO", "logger": "apps.core.allergens", "message": "Retrieved 3 user allergens, user_id=66, time=0.01s", "module": "allergen", "process": 22692, "thread": 16464}
{"timestamp": "2025-05-10T02:33:53.681700", "level": "INFO", "logger": "apps.core.recipes", "message": "Recipe viewed: recipe_id=17, title='Caprese Salad', user_id=66", "module": "recipe", "process": 22692, "thread": 16352}
{"timestamp": "2025-05-10T02:33:55.576372", "level": "INFO", "logger": "apps.core.recipes", "message": "Recipe viewed: recipe_id=18, title='Chicken Curry', user_id=66", "module": "recipe", "process": 22692, "thread": 16352}
{"timestamp": "2025-05-10T02:33:58.694614", "level": "INFO", "logger": "apps.core.recipes", "message": "Recipe viewed: recipe_id=19, title='Guacamole', user_id=66", "module": "recipe", "process": 22692, "thread": 16352}
{"timestamp": "2025-05-10T02:34:06.213269", "level": "INFO", "logger": "apps.core.recipes", "message": "Recipe viewed: recipe_id=21, title='French Onion Soup', user_id=66", "module": "recipe", "process": 22692, "thread": 16352}
{"timestamp": "2025-05-10T02:34:16.764970", "level": "INFO", "logger": "apps.core.recipes", "message": "Recipe viewed: recipe_id=25, title='Baked Salmon', user_id=66", "module": "recipe", "process": 22692, "thread": 16352}
{"timestamp": "2025-05-10T02:34:56.374063", "level": "INFO", "logger": "apps.users", "message": "Registration attempt: email=test_uqyq3ty3@example.com", "module": "views", "process": 22692, "thread": 22600}
{"timestamp": "2025-05-10T02:34:56.812289", "level": "INFO", "logger": "apps.users", "message": "User registered successfully: user_id=117, email=test_uqyq3ty3@example.com, time=0.44s", "module": "views", "process": 22692, "thread": 22600}
{"timestamp": "2025-05-10T02:34:56.917174", "level": "INFO", "logger": "apps.users", "message": "Login attempt: email=test_uqyq3ty3@example.com", "module": "views", "process": 22692, "thread": 14276}
{"timestamp": "2025-05-10T02:34:57.235178", "level": "INFO", "logger": "apps.users", "message": "User login successful: user_id=117, email=test_uqyq3ty3@example.com, time=0.32s", "module": "views", "process": 22692, "thread": 14276}
{"timestamp": "2025-05-10T02:34:57.359595", "level": "INFO", "logger": "apps.users", "message": "Profile accessed: user_id=117", "module": "views", "process": 22692, "thread": 2232}
{"timestamp": "2025-05-10T02:34:57.453143", "level": "INFO", "logger": "apps.core.refrigerator", "message": "Listing refrigerator ingredients: user_id=117", "module": "ingredient", "process": 22692, "thread": 20692}
{"timestamp": "2025-05-10T02:34:57.456152", "level": "INFO", "logger": "apps.core.refrigerator", "message": "Retrieved unknown refrigerator ingredients for user_id=117, time=0.00s", "module": "ingredient", "process": 22692, "thread": 20692}
{"timestamp": "2025-05-10T02:34:57.670178", "level": "INFO", "logger": "apps.core.allergens", "message": "Listing all allergens: user_id=117", "module": "allergen", "process": 22692, "thread": 28184}
{"timestamp": "2025-05-10T02:34:57.672704", "level": "INFO", "logger": "apps.core.allergens", "message": "Retrieved unknown allergens, user_id=117, time=0.00s", "module": "allergen", "process": 22692, "thread": 28184}
{"timestamp": "2025-05-10T02:34:57.749480", "level": "INFO", "logger": "apps.core.equipment", "message": "Listing all equipment: user_id=117", "module": "equipment", "process": 22692, "thread": 2652}
{"timestamp": "2025-05-10T02:34:57.754219", "level": "INFO", "logger": "apps.core.equipment", "message": "Retrieved unknown equipment items, user_id=117, time=0.00s", "module": "equipment", "process": 22692, "thread": 2652}
{"timestamp": "2025-05-10T02:34:57.893073", "level": "INFO", "logger": "apps.users", "message": "Logout attempt: user_id=117", "module": "views", "process": 22692, "thread": 23456}
{"timestamp": "2025-05-10T02:34:57.897650", "level": "INFO", "logger": "apps.users", "message": "User logged out successfully: user_id=117", "module": "views", "process": 22692, "thread": 23456}
{"timestamp": "2025-05-10T02:35:12.715095", "level": "INFO", "logger": "apps.users", "message": "Login attempt: email=w0rkma1lmoc@gmail.com", "module": "views", "process": 22692, "thread": 25804}
{"timestamp": "2025-05-10T02:35:13.011572", "level": "INFO", "logger": "apps.users", "message": "User login successful: user_id=66, email=w0rkma1lmoc@gmail.com, time=0.30s", "module": "views", "process": 22692, "thread": 25804}
{"timestamp": "2025-05-10T02:35:13.207382", "level": "INFO", "logger": "apps.core.allergens", "message": "Listing all allergens: user_id=66", "module": "allergen", "process": 22692, "thread": 25804}
{"timestamp": "2025-05-10T02:35:13.211553", "level": "INFO", "logger": "apps.core.allergens", "message": "Retrieved unknown allergens, user_id=66, time=0.00s", "module": "allergen", "process": 22692, "thread": 25804}
{"timestamp": "2025-05-10T02:35:13.315014", "level": "INFO", "logger": "apps.core.equipment", "message": "Listing all equipment: user_id=66", "module": "equipment", "process": 22692, "thread": 25804}
{"timestamp": "2025-05-10T02:35:13.319012", "level": "INFO", "logger": "apps.core.equipment", "message": "Retrieved unknown equipment items, user_id=66, time=0.00s", "module": "equipment", "process": 22692, "thread": 25804}
{"timestamp": "2025-05-10T02:35:13.421188", "level": "INFO", "logger": "apps.core.allergens", "message": "Listing user allergens: user_id=66", "module": "allergen", "process": 22692, "thread": 25804}
{"timestamp": "2025-05-10T02:35:13.429282", "level": "INFO", "logger": "apps.core.allergens", "message": "Retrieved 3 user allergens, user_id=66, time=0.01s", "module": "allergen", "process": 22692, "thread": 25804}
{"timestamp": "2025-05-10T02:36:02.192498", "level": "INFO", "logger": "apps.users", "message": "Profile accessed: user_id=66", "module": "views", "process": 22692, "thread": 30804}
{"timestamp": "2025-05-10T02:36:02.369350", "level": "INFO", "logger": "apps.users", "message": "Profile accessed: user_id=66", "module": "views", "process": 22692, "thread": 30804}
{"timestamp": "2025-05-10T02:36:02.545677", "level": "INFO", "logger": "apps.core.allergens", "message": "Listing all allergens: user_id=66", "module": "allergen", "process": 22692, "thread": 30804}
{"timestamp": "2025-05-10T02:36:02.548288", "level": "INFO", "logger": "apps.core.allergens", "message": "Retrieved unknown allergens, user_id=66, time=0.00s", "module": "allergen", "process": 22692, "thread": 30804}
{"timestamp": "2025-05-10T02:36:02.634123", "level": "INFO", "logger": "apps.core.equipment", "message": "Listing all equipment: user_id=66", "module": "equipment", "process": 22692, "thread": 30804}
{"timestamp": "2025-05-10T02:36:02.639123", "level": "INFO", "logger": "apps.core.equipment", "message": "Retrieved unknown equipment items, user_id=66, time=0.00s", "module": "equipment", "process": 22692, "thread": 30804}
{"timestamp": "2025-05-10T02:36:02.808156", "level": "INFO", "logger": "apps.core.allergens", "message": "Listing user allergens: user_id=66", "module": "allergen", "process": 22692, "thread": 30804}
{"timestamp": "2025-05-10T02:36:02.827381", "level": "INFO", "logger": "apps.core.allergens", "message": "Retrieved 3 user allergens, user_id=66, time=0.02s", "module": "allergen", "process": 22692, "thread": 30804}
{"timestamp": "2025-05-10T02:36:42.902696", "level": "WARNING", "logger": "apps.core.recipes", "message": "Missing recipe ID in favorite add request: user_id=66", "module": "recipe", "process": 22692, "thread": 21368}
{"timestamp": "2025-05-10T02:36:55.542861", "level": "INFO", "logger": "apps.core.recipes", "message": "Recipe viewed: recipe_id=24, title='Mushroom Risotto', user_id=66", "module": "recipe", "process": 22692, "thread": 21368}
